2014-02-10 16:40:24.186 X[6536:80b] Multi-tasking -> Device: YES, App: YES
2014-02-10 16:40:25.603 X[6536:80b] Unlimited access to network resources
2014-02-10 16:40:30.029 X[6536:80b] Resetting plugins due to page load.
2014-02-10 16:40:30.598 X[6536:80b] Finished load of: file:///Users/deepakghosh/Library/Application%20Support/iPhone%20Simulator/7.0.3/Applications/584A1DB3-ED14-49FB-A780-47937A38D79C/X.app/www/index.html
2014-02-10 16:40:44.776 X[6536:80b] Resetting plugins due to page load.
2014-02-10 16:40:45.035 X[6536:80b] Finished load of: file:///Users/deepakghosh/Library/Application%20Support/iPhone%20Simulator/7.0.3/Applications/584A1DB3-ED14-49FB-A780-47937A38D79C/X.app/www/index.html#user/login
2014-02-18 21:53:33.112 X[14031:80b] Multi-tasking -> Device: YES, App: YES
2014-02-18 21:53:34.178 X[14031:80b] Unlimited access to network resources
2014-02-18 21:53:44.065 X[14031:80b] Resetting plugins due to page load.
2014-02-18 21:53:45.934 X[14031:80b] Finished load of: file:///Users/deepakghosh/Library/Application%20Support/iPhone%20Simulator/7.0.3/Applications/584A1DB3-ED14-49FB-A780-47937A38D79C/X.app/www/index.html
2014-02-19 20:07:39.733 X[19823:80b] Multi-tasking -> Device: YES, App: YES
2014-02-19 20:07:41.420 X[19823:80b] Unlimited access to network resources
2014-02-19 20:07:52.372 X[19823:80b] Resetting plugins due to page load.
2014-02-19 20:07:58.432 X[19823:80b] Finished load of: file:///Users/deepakghosh/Library/Application%20Support/iPhone%20Simulator/7.0.3/Applications/584A1DB3-ED14-49FB-A780-47937A38D79C/X.app/www/index.html
objc[19823]: Class AXEmojiUtilities is implemented in both /Applications/Xcode.app/Contents/Developer/Platforms/iPhoneSimulator.platform/Developer/SDKs/iPhoneSimulator7.0.sdk/System/Library/PrivateFrameworks/AccessibilityUtilities.framework/AccessibilityUtilities and /Applications/Xcode.app/Contents/Developer/Platforms/iPhoneSimulator.platform/Developer/SDKs/iPhoneSimulator7.0.sdk/usr/lib/libAXSpeechManager.dylib. One of the two will be used. Which one is undefined.
2014-02-19 20:09:39.460 X[19823:80b] Cannot find executable for CFBundle 0xa693c10 </Applications/Xcode.app/Contents/Developer/Platforms/iPhoneSimulator.platform/Developer/SDKs/iPhoneSimulator7.0.sdk/System/Library/AccessibilityBundles/GeoServices.axbundle> (not loaded)
2014-02-19 20:09:40.310 X[19823:80b] Cannot find executable for CFBundle 0xa7a9970 </Applications/Xcode.app/Contents/Developer/Platforms/iPhoneSimulator.platform/Developer/SDKs/iPhoneSimulator7.0.sdk/System/Library/AccessibilityBundles/MusicLibrary.axbundle> (not loaded)
2014-02-19 20:09:40.421 X[19823:80b] Cannot find executable for CFBundle 0xa4b60c0 </Applications/Xcode.app/Contents/Developer/Platforms/iPhoneSimulator.platform/Developer/SDKs/iPhoneSimulator7.0.sdk/System/Library/AccessibilityBundles/CertUIFramework.axbundle> (not loaded)
2014-02-19 20:10:33.403 X[19823:80b] Resetting plugins due to page load.
2014-02-19 20:10:34.001 X[19823:80b] Finished load of: file:///Users/deepakghosh/Library/Application%20Support/iPhone%20Simulator/7.0.3/Applications/584A1DB3-ED14-49FB-A780-47937A38D79C/X.app/www/index.html#user/profile/groups/feeds
objc[20919]: Class AXEmojiUtilities is implemented in both /Applications/Xcode.app/Contents/Developer/Platforms/iPhoneSimulator.platform/Developer/SDKs/iPhoneSimulator7.0.sdk/System/Library/PrivateFrameworks/AccessibilityUtilities.framework/AccessibilityUtilities and /Applications/Xcode.app/Contents/Developer/Platforms/iPhoneSimulator.platform/Developer/SDKs/iPhoneSimulator7.0.sdk/usr/lib/libAXSpeechManager.dylib. One of the two will be used. Which one is undefined.
2014-02-19 20:18:38.022 X[20919:80b] Cannot find executable for CFBundle 0xa756e40 </Applications/Xcode.app/Contents/Developer/Platforms/iPhoneSimulator.platform/Developer/SDKs/iPhoneSimulator7.0.sdk/System/Library/AccessibilityBundles/GeoServices.axbundle> (not loaded)
2014-02-19 20:18:38.098 X[20919:80b] Cannot find executable for CFBundle 0xa5562c0 </Applications/Xcode.app/Contents/Developer/Platforms/iPhoneSimulator.platform/Developer/SDKs/iPhoneSimulator7.0.sdk/System/Library/AccessibilityBundles/CertUIFramework.axbundle> (not loaded)
2014-02-19 20:18:38.507 X[20919:80b] Multi-tasking -> Device: YES, App: YES
2014-02-19 20:18:38.673 X[20919:80b] Unlimited access to network resources
2014-02-19 20:18:43.119 X[20919:80b] Resetting plugins due to page load.
2014-02-19 20:18:44.175 X[20919:80b] Finished load of: file:///Users/deepakghosh/Library/Application%20Support/iPhone%20Simulator/7.0.3/Applications/584A1DB3-ED14-49FB-A780-47937A38D79C/X.app/www/index.html
2014-02-19 20:20:32.616 X[20919:80b] Resetting plugins due to page load.
2014-02-19 20:20:33.453 X[20919:80b] Finished load of: file:///Users/deepakghosh/Library/Application%20Support/iPhone%20Simulator/7.0.3/Applications/584A1DB3-ED14-49FB-A780-47937A38D79C/X.app/www/index.html
