[Thu, 28 Nov 2013 04:15:36 GMT] ERROR Worker 30383 died.
[Thu, 28 Nov 2013 04:16:22 GMT] ERROR Worker 30384 died.
[Thu, 28 Nov 2013 04:16:30 GMT] ERROR Worker 30385 died.
[Thu, 28 Nov 2013 04:17:27 GMT] ERROR Worker 30386 died.
[Thu, 28 Nov 2013 04:17:31 GMT] ERROR Worker 30388 died.
[Thu, 28 Nov 2013 04:50:11 GMT] ERROR Worker 30504 died.
[Thu, 28 Nov 2013 04:50:12 GMT] ERROR Worker 30505 died.
[Thu, 28 Nov 2013 04:52:25 GMT] ERROR Worker 30511 died.
[Thu, 28 Nov 2013 04:53:10 GMT] ERROR Worker 30515 died.
[Thu, 28 Nov 2013 05:32:47 GMT] ERROR Worker 30602 died.
[Thu, 28 Nov 2013 05:33:25 GMT] ERROR Worker 30603 died.
[Thu, 28 Nov 2013 05:33:34 GMT] ERROR Worker 30604 died.
[Thu, 28 Nov 2013 05:33:38 GMT] ERROR Worker 30606 died.
[Thu, 28 Nov 2013 05:33:53 GMT] ERROR Worker 30607 died.
[Thu, 28 Nov 2013 05:33:56 GMT] ERROR Worker 30608 died.
[Thu, 28 Nov 2013 05:34:00 GMT] ERROR Worker 30609 died.
[Thu, 28 Nov 2013 05:34:20 GMT] ERROR Worker 30610 died.
[Thu, 28 Nov 2013 05:34:21 GMT] ERROR Worker 30611 died.
[Thu, 28 Nov 2013 05:34:23 GMT] ERROR Worker 30612 died.
[Thu, 28 Nov 2013 05:34:35 GMT] ERROR Worker 30613 died.
[Thu, 28 Nov 2013 05:49:13 GMT] ERROR Worker 30636 died.
[Thu, 28 Nov 2013 05:49:48 GMT] ERROR Worker 30637 died.
[Thu, 28 Nov 2013 05:50:11 GMT] ERROR Worker 30639 died.
[Thu, 28 Nov 2013 05:50:12 GMT] ERROR Worker 30640 died.
[Thu, 28 Nov 2013 20:14:38 GMT] ERROR Worker 32192 died.
[Thu, 28 Nov 2013 20:18:23 GMT] ERROR Worker 32202 died.
[Thu, 28 Nov 2013 20:23:35 GMT] ERROR 127.0.0.1 - - [Thu Nov 28 2013 15:23:35 GMT-0500 (EST)] "GET /authenticated_users 1.1" 500 2307 "-" "Mozilla/5.0 (Macintosh; Intel Mac OS X 10_9_0) AppleWebKit/537.36 (KHTML, like Gecko) Chrome/31.0.1650.57 Safari/537.36"
ReferenceError: checkIfAuthenticatedUserExists is not defined
    at new AuthenticatedUsers (/Library/WebServer/Documents/myapps/touch/streads/streads/app/controllers/authenticated_users.js:11:15)
    at controller.create (/usr/local/lib/node_modules/geddy/lib/controller/index.js:42:14)
    at /usr/local/lib/node_modules/geddy/lib/app/index.js:459:39
    at b (domain.js:183:18)
    at Domain.run (domain.js:123:23)
    at Server.<anonymous> (/usr/local/lib/node_modules/geddy/lib/app/index.js:435:11)
    at Manager.handleRequest (/Library/WebServer/Documents/myapps/touch/streads/streads/node_modules/socket.io/lib/manager.js:565:28)
    at Server.<anonymous> (/Library/WebServer/Documents/myapps/touch/streads/streads/node_modules/socket.io/lib/manager.js:119:10)
    at Server.EventEmitter.emit (events.js:98:17)
    at HTTPParser.parser.onIncoming (http.js:2045:12)
[Thu, 28 Nov 2013 20:23:50 GMT] ERROR 127.0.0.1 - - [Thu Nov 28 2013 15:23:50 GMT-0500 (EST)] "GET /authenticated_users 1.1" 500 2468 "-" "Mozilla/5.0 (Macintosh; Intel Mac OS X 10_9_0) AppleWebKit/537.36 (KHTML, like Gecko) Chrome/31.0.1650.57 Safari/537.36"
TypeError: Cannot call method 'apply' of undefined
    at null.<anonymous> (/usr/local/lib/node_modules/geddy/lib/controller/base_controller.js:168:17)
    at async.AsyncBase.runItem (/usr/local/lib/node_modules/geddy/node_modules/utilities/lib/async.js:108:10)
    at async.AsyncBase.next (/usr/local/lib/node_modules/geddy/node_modules/utilities/lib/async.js:113:12)
    at controller.BaseController._execFilters (/usr/local/lib/node_modules/geddy/lib/controller/base_controller.js:229:11)
    at controller.BaseController._handleAction (/usr/local/lib/node_modules/geddy/lib/controller/base_controller.js:292:20)
    at cb [as callback] (/usr/local/lib/node_modules/geddy/lib/app/index.js:258:36)
    at async.Initializer.complete (/usr/local/lib/node_modules/geddy/node_modules/utilities/lib/async.js:286:10)
    at /usr/local/lib/node_modules/geddy/lib/app/index.js:269:21
    at /usr/local/lib/node_modules/geddy/lib/controller/init.js:103:9
    at localCallback (/usr/local/lib/node_modules/geddy/lib/sessions/index.js:86:9)
[Thu, 28 Nov 2013 20:29:55 GMT] ERROR Worker 32243 died.
[Thu, 28 Nov 2013 20:31:31 GMT] ERROR 127.0.0.1 - - [Thu Nov 28 2013 15:31:31 GMT-0500 (EST)] "GET /authenticated_users 1.1" 500 1931 "-" "Mozilla/5.0 (Macintosh; Intel Mac OS X 10_9_0) AppleWebKit/537.36 (KHTML, like Gecko) Chrome/31.0.1650.57 Safari/537.36"
ReferenceError: __isObject is not defined
    at me.index (/Library/WebServer/Documents/myapps/touch/streads/streads/app/controllers/authenticated_users.js:24:12)
    at callback [as last] (/usr/local/lib/node_modules/geddy/lib/controller/base_controller.js:282:22)
    at async.AsyncBase.next (/usr/local/lib/node_modules/geddy/node_modules/utilities/lib/async.js:116:12)
    at /usr/local/lib/node_modules/geddy/node_modules/utilities/lib/async.js:148:54
    at process._tickDomainCallback (node.js:459:13)
[Thu, 28 Nov 2013 20:38:03 GMT] ERROR Worker 32282 died.
[Thu, 28 Nov 2013 20:41:08 GMT] ERROR Worker 32295 died.
[Thu, 28 Nov 2013 20:41:23 GMT] ERROR Worker 32301 died.
[Thu, 28 Nov 2013 20:42:42 GMT] ERROR Worker 32312 died.
[Thu, 28 Nov 2013 20:43:23 GMT] ERROR Worker 32319 died.
[Thu, 28 Nov 2013 20:44:13 GMT] ERROR Worker 32321 died.
[Thu, 28 Nov 2013 20:44:56 GMT] ERROR Worker 32329 died.
[Thu, 28 Nov 2013 20:44:59 GMT] ERROR Worker 32330 died.
[Thu, 28 Nov 2013 20:45:17 GMT] ERROR Worker 32332 died.
[Thu, 28 Nov 2013 20:45:24 GMT] ERROR Worker 32334 died.
[Thu, 28 Nov 2013 20:45:31 GMT] ERROR Worker 32335 died.
[Thu, 28 Nov 2013 20:45:37 GMT] ERROR Worker 32336 died.
[Thu, 28 Nov 2013 21:43:46 GMT] ERROR Worker 32459 died.
[Thu, 28 Nov 2013 23:52:07 GMT] ERROR Worker 32848 died.
[Thu, 28 Nov 2013 23:56:43 GMT] ERROR Worker 32883 died.
[Thu, 28 Nov 2013 23:56:44 GMT] ERROR Worker 32884 died.
[Thu, 28 Nov 2013 23:57:01 GMT] ERROR Worker 32888 died.
[Thu, 28 Nov 2013 23:57:09 GMT] ERROR Worker 32889 died.
[Fri, 29 Nov 2013 00:00:47 GMT] ERROR Worker 32911 died.
[Fri, 29 Nov 2013 00:03:59 GMT] ERROR Worker 32918 died.
[Fri, 29 Nov 2013 00:04:03 GMT] ERROR Worker 32919 died.
[Fri, 29 Nov 2013 00:04:21 GMT] ERROR Worker 32920 died.
[Fri, 29 Nov 2013 00:04:27 GMT] ERROR Worker 32921 died.
[Fri, 29 Nov 2013 00:04:32 GMT] ERROR Worker 32922 died.
[Fri, 29 Nov 2013 00:04:41 GMT] ERROR Worker 32923 died.
[Fri, 29 Nov 2013 00:04:48 GMT] ERROR Worker 32924 died.
[Fri, 29 Nov 2013 00:05:00 GMT] ERROR Worker 32925 died.
[Fri, 29 Nov 2013 00:05:10 GMT] ERROR Worker 32926 died.
[Fri, 29 Nov 2013 00:05:13 GMT] ERROR Worker 32927 died.
[Fri, 29 Nov 2013 00:05:15 GMT] ERROR Worker 32928 died.
[Fri, 29 Nov 2013 00:05:42 GMT] ERROR Worker 32929 died.
[Fri, 29 Nov 2013 00:06:24 GMT] ERROR Worker 32930 died.
[Fri, 29 Nov 2013 00:07:05 GMT] ERROR Worker 32931 died.
[Fri, 29 Nov 2013 00:07:23 GMT] ERROR Worker 32932 died.
[Fri, 29 Nov 2013 00:07:34 GMT] ERROR Worker 32936 died.
[Fri, 29 Nov 2013 00:07:39 GMT] ERROR Worker 32937 died.
[Fri, 29 Nov 2013 00:07:45 GMT] ERROR Worker 32938 died.
[Fri, 29 Nov 2013 00:08:13 GMT] ERROR Worker 32939 died.
[Fri, 29 Nov 2013 00:08:17 GMT] ERROR Worker 32940 died.
[Fri, 29 Nov 2013 00:08:35 GMT] ERROR Worker 32941 died.
[Fri, 29 Nov 2013 00:08:36 GMT] ERROR Worker 32942 died.
[Fri, 29 Nov 2013 00:09:03 GMT] ERROR Worker 32944 died.
[Fri, 29 Nov 2013 00:11:11 GMT] ERROR Worker 32950 died.
[Fri, 29 Nov 2013 00:13:20 GMT] ERROR Worker 32953 died.
[Fri, 29 Nov 2013 00:13:21 GMT] ERROR Worker 32954 died.
[Fri, 29 Nov 2013 00:16:01 GMT] ERROR Worker 32958 died.
[Fri, 29 Nov 2013 00:16:23 GMT] ERROR Worker 32962 died.
[Fri, 29 Nov 2013 00:16:26 GMT] ERROR Worker 32963 died.
[Fri, 29 Nov 2013 00:17:18 GMT] ERROR Worker 32964 died.
[Fri, 29 Nov 2013 00:17:23 GMT] ERROR Worker 32965 died.
[Fri, 29 Nov 2013 00:17:26 GMT] ERROR Worker 32966 died.
[Fri, 29 Nov 2013 00:17:29 GMT] ERROR Worker 32967 died.
[Fri, 29 Nov 2013 00:17:47 GMT] ERROR Worker 32968 died.
[Fri, 29 Nov 2013 00:19:07 GMT] ERROR Worker 32972 died.
[Fri, 29 Nov 2013 00:19:17 GMT] ERROR Worker 32973 died.
[Fri, 29 Nov 2013 00:19:42 GMT] ERROR Worker 32974 died.
[Fri, 29 Nov 2013 00:19:47 GMT] ERROR Worker 32975 died.
[Fri, 29 Nov 2013 00:19:52 GMT] ERROR Worker 32977 died.
[Fri, 29 Nov 2013 00:19:57 GMT] ERROR Worker 32978 died.
[Fri, 29 Nov 2013 00:20:24 GMT] ERROR Worker 32979 died.
[Fri, 29 Nov 2013 00:21:11 GMT] ERROR Worker 32980 died.
[Fri, 29 Nov 2013 00:21:16 GMT] ERROR Worker 32981 died.
[Fri, 29 Nov 2013 00:21:31 GMT] ERROR Worker 32982 died.
[Fri, 29 Nov 2013 00:21:33 GMT] ERROR Worker 32983 died.
[Fri, 29 Nov 2013 00:21:42 GMT] ERROR Worker 32985 died.
[Fri, 29 Nov 2013 00:27:05 GMT] ERROR Worker 32999 died.
[Fri, 29 Nov 2013 00:27:15 GMT] ERROR Worker 33001 died.
[Fri, 29 Nov 2013 00:27:34 GMT] ERROR Worker 33002 died.
[Fri, 29 Nov 2013 00:28:54 GMT] ERROR Worker 33004 died.
[Fri, 29 Nov 2013 00:29:55 GMT] ERROR Worker 33005 died.
[Fri, 29 Nov 2013 00:30:08 GMT] ERROR Worker 33007 died.
[Fri, 29 Nov 2013 00:30:33 GMT] ERROR Worker 33008 died.
[Fri, 29 Nov 2013 00:31:25 GMT] ERROR Worker 33009 died.
[Fri, 29 Nov 2013 00:31:30 GMT] ERROR Worker 33011 died.
[Fri, 29 Nov 2013 00:31:40 GMT] ERROR Worker 33012 died.
[Fri, 29 Nov 2013 00:31:52 GMT] ERROR Worker 33013 died.
[Fri, 29 Nov 2013 00:31:52 GMT] ERROR Worker 33014 died.
[Fri, 29 Nov 2013 00:31:55 GMT] ERROR Worker 33015 died.
[Fri, 29 Nov 2013 00:33:11 GMT] ERROR Worker 33018 died.
[Fri, 29 Nov 2013 00:33:22 GMT] ERROR Worker 33019 died.
[Fri, 29 Nov 2013 00:33:43 GMT] ERROR Worker 33026 died.
[Fri, 29 Nov 2013 00:33:56 GMT] ERROR Worker 33027 died.
[Fri, 29 Nov 2013 00:33:57 GMT] ERROR Worker 33028 died.
[Fri, 29 Nov 2013 00:34:02 GMT] ERROR Worker 33029 died.
[Fri, 29 Nov 2013 00:34:08 GMT] ERROR Worker 33030 died.
[Fri, 29 Nov 2013 00:34:53 GMT] ERROR Worker 33031 died.
[Fri, 29 Nov 2013 00:34:55 GMT] ERROR Worker 33032 died.
[Fri, 29 Nov 2013 00:34:56 GMT] ERROR Worker 33033 died.
[Fri, 29 Nov 2013 00:35:19 GMT] ERROR Worker 33034 died.
[Fri, 29 Nov 2013 00:35:22 GMT] ERROR Worker 33035 died.
[Fri, 29 Nov 2013 00:35:23 GMT] ERROR Worker 33036 died.
[Fri, 29 Nov 2013 00:35:26 GMT] ERROR Worker 33037 died.
[Fri, 29 Nov 2013 00:35:31 GMT] ERROR Worker 33038 died.
[Fri, 29 Nov 2013 00:35:35 GMT] ERROR Worker 33039 died.
[Fri, 29 Nov 2013 00:35:37 GMT] ERROR Worker 33040 died.
[Fri, 29 Nov 2013 00:35:43 GMT] ERROR Worker 33041 died.
[Fri, 29 Nov 2013 00:35:52 GMT] ERROR Worker 33044 died.
[Fri, 29 Nov 2013 00:35:57 GMT] ERROR Worker 33045 died.
[Fri, 29 Nov 2013 00:36:06 GMT] ERROR Worker 33046 died.
[Fri, 29 Nov 2013 00:36:11 GMT] ERROR Worker 33047 died.
[Fri, 29 Nov 2013 00:36:12 GMT] ERROR Worker 33048 died.
[Fri, 29 Nov 2013 00:38:06 GMT] ERROR Worker 33049 died.
[Fri, 29 Nov 2013 00:38:38 GMT] ERROR Worker 33051 died.
[Fri, 29 Nov 2013 00:38:42 GMT] ERROR Worker 33052 died.
[Fri, 29 Nov 2013 00:38:47 GMT] ERROR Worker 33054 died.
[Fri, 29 Nov 2013 00:39:05 GMT] ERROR Worker 33055 died.
[Fri, 29 Nov 2013 00:39:14 GMT] ERROR Worker 33056 died.
[Fri, 29 Nov 2013 00:39:33 GMT] ERROR Worker 33057 died.
[Fri, 29 Nov 2013 00:39:43 GMT] ERROR Worker 33058 died.
[Fri, 29 Nov 2013 00:39:59 GMT] ERROR Worker 33059 died.
[Fri, 29 Nov 2013 00:40:13 GMT] ERROR Worker 33060 died.
[Fri, 29 Nov 2013 00:40:20 GMT] ERROR Worker 33061 died.
[Fri, 29 Nov 2013 00:40:27 GMT] ERROR Worker 33062 died.
[Fri, 29 Nov 2013 00:40:30 GMT] ERROR Worker 33063 died.
[Fri, 29 Nov 2013 00:40:48 GMT] ERROR Worker 33064 died.
[Fri, 29 Nov 2013 00:41:24 GMT] ERROR Worker 33065 died.
[Fri, 29 Nov 2013 00:41:30 GMT] ERROR Worker 33066 died.
[Fri, 29 Nov 2013 00:41:56 GMT] ERROR Worker 33067 died.
[Fri, 29 Nov 2013 00:42:06 GMT] ERROR Worker 33068 died.
[Fri, 29 Nov 2013 00:42:13 GMT] ERROR Worker 33069 died.
[Fri, 29 Nov 2013 00:42:27 GMT] ERROR Worker 33070 died.
[Fri, 29 Nov 2013 00:42:34 GMT] ERROR Worker 33073 died.
[Fri, 29 Nov 2013 00:42:39 GMT] ERROR Worker 33074 died.
[Fri, 29 Nov 2013 00:42:53 GMT] ERROR Worker 33075 died.
[Fri, 29 Nov 2013 00:42:58 GMT] ERROR Worker 33076 died.
[Fri, 29 Nov 2013 00:44:13 GMT] ERROR Worker 33077 died.
[Fri, 29 Nov 2013 00:46:14 GMT] ERROR Worker 33080 died.
[Fri, 29 Nov 2013 00:46:16 GMT] ERROR Worker 33082 died.
[Fri, 29 Nov 2013 00:46:47 GMT] ERROR Worker 33083 died.
[Fri, 29 Nov 2013 00:47:08 GMT] ERROR Worker 33084 died.
[Fri, 29 Nov 2013 00:48:18 GMT] ERROR Worker 33086 died.
[Fri, 29 Nov 2013 00:49:10 GMT] ERROR Worker 33090 died.
[Fri, 29 Nov 2013 00:49:15 GMT] ERROR Worker 33091 died.
[Fri, 29 Nov 2013 00:49:17 GMT] ERROR Worker 33092 died.
[Fri, 29 Nov 2013 00:49:33 GMT] ERROR Worker 33093 died.
[Fri, 29 Nov 2013 00:49:46 GMT] ERROR Worker 33094 died.
[Fri, 29 Nov 2013 00:49:52 GMT] ERROR Worker 33098 died.
[Fri, 29 Nov 2013 00:50:03 GMT] ERROR Worker 33099 died.
[Fri, 29 Nov 2013 00:50:20 GMT] ERROR Worker 33100 died.
[Fri, 29 Nov 2013 00:50:39 GMT] ERROR Worker 33101 died.
[Fri, 29 Nov 2013 00:50:40 GMT] ERROR Worker 33102 died.
[Fri, 29 Nov 2013 00:50:56 GMT] ERROR Worker 33103 died.
[Fri, 29 Nov 2013 00:51:02 GMT] ERROR Worker 33104 died.
[Fri, 29 Nov 2013 00:51:14 GMT] ERROR Worker 33105 died.
[Fri, 29 Nov 2013 00:51:36 GMT] ERROR Worker 33106 died.
[Fri, 29 Nov 2013 00:51:53 GMT] ERROR Worker 33109 died.
[Fri, 29 Nov 2013 00:51:55 GMT] ERROR Worker 33110 died.
[Fri, 29 Nov 2013 01:27:25 GMT] ERROR Worker 33178 died.
[Fri, 29 Nov 2013 01:27:34 GMT] ERROR Worker 33181 died.
[Fri, 29 Nov 2013 01:27:38 GMT] ERROR Worker 33182 died.
[Fri, 29 Nov 2013 01:27:48 GMT] ERROR Worker 33183 died.
[Fri, 29 Nov 2013 01:27:51 GMT] ERROR Worker 33184 died.
[Fri, 29 Nov 2013 01:27:56 GMT] ERROR Worker 33185 died.
[Fri, 29 Nov 2013 01:28:02 GMT] ERROR Worker 33186 died.
[Fri, 29 Nov 2013 01:28:06 GMT] ERROR Worker 33187 died.
[Fri, 29 Nov 2013 01:28:14 GMT] ERROR Worker 33188 died.
[Fri, 29 Nov 2013 01:28:24 GMT] ERROR Worker 33189 died.
[Fri, 29 Nov 2013 01:28:26 GMT] ERROR Worker 33190 died.
[Fri, 29 Nov 2013 01:28:32 GMT] ERROR Worker 33191 died.
[Fri, 29 Nov 2013 01:29:18 GMT] ERROR Worker 33192 died.
[Fri, 29 Nov 2013 01:29:22 GMT] ERROR Worker 33193 died.
[Fri, 29 Nov 2013 01:29:31 GMT] ERROR Worker 33194 died.
[Fri, 29 Nov 2013 01:30:01 GMT] ERROR Worker 33195 died.
[Fri, 29 Nov 2013 01:30:31 GMT] ERROR Worker 33200 died.
[Fri, 29 Nov 2013 01:31:02 GMT] ERROR Worker 33202 died.
[Fri, 29 Nov 2013 01:31:19 GMT] ERROR Worker 33203 died.
[Fri, 29 Nov 2013 01:31:34 GMT] ERROR Worker 33204 died.
[Fri, 29 Nov 2013 01:31:38 GMT] ERROR Worker 33208 died.
[Fri, 29 Nov 2013 01:35:38 GMT] ERROR Worker 33218 died.
[Fri, 29 Nov 2013 01:36:04 GMT] ERROR Worker 33223 died.
[Fri, 29 Nov 2013 01:36:18 GMT] ERROR Worker 33225 died.
[Fri, 29 Nov 2013 01:36:26 GMT] ERROR Worker 33226 died.
[Fri, 29 Nov 2013 01:36:37 GMT] ERROR Worker 33227 died.
[Fri, 29 Nov 2013 01:37:21 GMT] ERROR Worker 33229 died.
[Fri, 29 Nov 2013 01:38:11 GMT] ERROR Worker 33230 died.
[Fri, 29 Nov 2013 01:38:29 GMT] ERROR Worker 33232 died.
[Fri, 29 Nov 2013 01:40:26 GMT] ERROR Worker 33238 died.
[Fri, 29 Nov 2013 01:40:53 GMT] ERROR Worker 33241 died.
[Fri, 29 Nov 2013 01:40:59 GMT] ERROR Worker 33242 died.
[Fri, 29 Nov 2013 01:41:43 GMT] ERROR 127.0.0.1 - - [Thu Nov 28 2013 20:41:43 GMT-0500 (EST)] "GET /user 1.1" 500 2284 "-" "Mozilla/5.0 (Macintosh; Intel Mac OS X 10_9_0) AppleWebKit/537.36 (KHTML, like Gecko) Chrome/31.0.1650.57 Safari/537.36"
TypeError: Cannot read property 'Application' of undefined
    at new Users (/Library/WebServer/Documents/myapps/touch/streads/streads/app/controllers/users.js:9:31)
    at controller.create (/usr/local/lib/node_modules/geddy/lib/controller/index.js:42:14)
    at /usr/local/lib/node_modules/geddy/lib/app/index.js:459:39
    at b (domain.js:183:18)
    at Domain.run (domain.js:123:23)
    at Server.<anonymous> (/usr/local/lib/node_modules/geddy/lib/app/index.js:435:11)
    at Manager.handleRequest (/Library/WebServer/Documents/myapps/touch/streads/streads/node_modules/socket.io/lib/manager.js:565:28)
    at Server.<anonymous> (/Library/WebServer/Documents/myapps/touch/streads/streads/node_modules/socket.io/lib/manager.js:119:10)
    at Server.EventEmitter.emit (events.js:98:17)
    at HTTPParser.parser.onIncoming (http.js:2045:12)
[Fri, 29 Nov 2013 01:41:57 GMT] ERROR 127.0.0.1 - - [Thu Nov 28 2013 20:41:57 GMT-0500 (EST)] "GET /user 1.1" 500 2284 "-" "Mozilla/5.0 (Macintosh; Intel Mac OS X 10_9_0) AppleWebKit/537.36 (KHTML, like Gecko) Chrome/31.0.1650.57 Safari/537.36"
TypeError: Cannot read property 'Application' of undefined
    at new Users (/Library/WebServer/Documents/myapps/touch/streads/streads/app/controllers/users.js:9:31)
    at controller.create (/usr/local/lib/node_modules/geddy/lib/controller/index.js:42:14)
    at /usr/local/lib/node_modules/geddy/lib/app/index.js:459:39
    at b (domain.js:183:18)
    at Domain.run (domain.js:123:23)
    at Server.<anonymous> (/usr/local/lib/node_modules/geddy/lib/app/index.js:435:11)
    at Manager.handleRequest (/Library/WebServer/Documents/myapps/touch/streads/streads/node_modules/socket.io/lib/manager.js:565:28)
    at Server.<anonymous> (/Library/WebServer/Documents/myapps/touch/streads/streads/node_modules/socket.io/lib/manager.js:119:10)
    at Server.EventEmitter.emit (events.js:98:17)
    at HTTPParser.parser.onIncoming (http.js:2045:12)
[Fri, 29 Nov 2013 01:42:11 GMT] ERROR 127.0.0.1 - - [Thu Nov 28 2013 20:42:10 GMT-0500 (EST)] "GET /user 1.1" 500 2284 "-" "Mozilla/5.0 (Macintosh; Intel Mac OS X 10_9_0) AppleWebKit/537.36 (KHTML, like Gecko) Chrome/31.0.1650.57 Safari/537.36"
TypeError: Cannot read property 'Application' of undefined
    at new Users (/Library/WebServer/Documents/myapps/touch/streads/streads/app/controllers/users.js:9:31)
    at controller.create (/usr/local/lib/node_modules/geddy/lib/controller/index.js:42:14)
    at /usr/local/lib/node_modules/geddy/lib/app/index.js:459:39
    at b (domain.js:183:18)
    at Domain.run (domain.js:123:23)
    at Server.<anonymous> (/usr/local/lib/node_modules/geddy/lib/app/index.js:435:11)
    at Manager.handleRequest (/Library/WebServer/Documents/myapps/touch/streads/streads/node_modules/socket.io/lib/manager.js:565:28)
    at Server.<anonymous> (/Library/WebServer/Documents/myapps/touch/streads/streads/node_modules/socket.io/lib/manager.js:119:10)
    at Server.EventEmitter.emit (events.js:98:17)
    at HTTPParser.parser.onIncoming (http.js:2045:12)
[Fri, 29 Nov 2013 01:42:36 GMT] ERROR Worker 33249 died.
[Fri, 29 Nov 2013 01:42:42 GMT] ERROR Worker 33250 died.
[Fri, 29 Nov 2013 01:43:16 GMT] ERROR Worker 33251 died.
[Fri, 29 Nov 2013 01:43:41 GMT] ERROR Worker 33255 died.
[Fri, 29 Nov 2013 01:44:31 GMT] ERROR Worker 33257 died.
[Fri, 29 Nov 2013 01:44:53 GMT] ERROR Worker 33262 died.
[Fri, 29 Nov 2013 01:45:13 GMT] ERROR Worker 33264 died.
[Fri, 29 Nov 2013 01:45:55 GMT] ERROR Worker 33266 died.
[Fri, 29 Nov 2013 01:47:36 GMT] ERROR Worker 33271 died.
[Fri, 29 Nov 2013 01:47:54 GMT] ERROR Worker 33275 died.
[Fri, 29 Nov 2013 01:48:15 GMT] ERROR Worker 33276 died.
[Fri, 29 Nov 2013 01:48:29 GMT] ERROR Worker 33279 died.
[Fri, 29 Nov 2013 01:48:56 GMT] ERROR 127.0.0.1 - - [Thu Nov 28 2013 20:48:55 GMT-0500 (EST)] "GET /user 1.1" 500 2290 "-" "Mozilla/5.0 (Macintosh; Intel Mac OS X 10_9_0) AppleWebKit/537.36 (KHTML, like Gecko) Chrome/31.0.1650.57 Safari/537.36"
TypeError: Cannot call method 'getResponseMessage' of undefined
    at new Users (/Library/WebServer/Documents/myapps/touch/streads/streads/app/controllers/users.js:10:22)
    at controller.create (/usr/local/lib/node_modules/geddy/lib/controller/index.js:42:14)
    at /usr/local/lib/node_modules/geddy/lib/app/index.js:459:39
    at b (domain.js:183:18)
    at Domain.run (domain.js:123:23)
    at Server.<anonymous> (/usr/local/lib/node_modules/geddy/lib/app/index.js:435:11)
    at Manager.handleRequest (/Library/WebServer/Documents/myapps/touch/streads/streads/node_modules/socket.io/lib/manager.js:565:28)
    at Server.<anonymous> (/Library/WebServer/Documents/myapps/touch/streads/streads/node_modules/socket.io/lib/manager.js:119:10)
    at Server.EventEmitter.emit (events.js:98:17)
    at HTTPParser.parser.onIncoming (http.js:2045:12)
[Fri, 29 Nov 2013 01:49:27 GMT] ERROR 127.0.0.1 - - [Thu Nov 28 2013 20:49:27 GMT-0500 (EST)] "GET /user 1.1" 500 2290 "-" "Mozilla/5.0 (Macintosh; Intel Mac OS X 10_9_0) AppleWebKit/537.36 (KHTML, like Gecko) Chrome/31.0.1650.57 Safari/537.36"
TypeError: Cannot call method 'getResponseMessage' of undefined
    at new Users (/Library/WebServer/Documents/myapps/touch/streads/streads/app/controllers/users.js:10:22)
    at controller.create (/usr/local/lib/node_modules/geddy/lib/controller/index.js:42:14)
    at /usr/local/lib/node_modules/geddy/lib/app/index.js:459:39
    at b (domain.js:183:18)
    at Domain.run (domain.js:123:23)
    at Server.<anonymous> (/usr/local/lib/node_modules/geddy/lib/app/index.js:435:11)
    at Manager.handleRequest (/Library/WebServer/Documents/myapps/touch/streads/streads/node_modules/socket.io/lib/manager.js:565:28)
    at Server.<anonymous> (/Library/WebServer/Documents/myapps/touch/streads/streads/node_modules/socket.io/lib/manager.js:119:10)
    at Server.EventEmitter.emit (events.js:98:17)
    at HTTPParser.parser.onIncoming (http.js:2045:12)
[Fri, 29 Nov 2013 02:05:44 GMT] ERROR 127.0.0.1 - - [Thu Nov 28 2013 21:05:44 GMT-0500 (EST)] "GET /user 1.1" 500 2290 "-" "Mozilla/5.0 (Macintosh; Intel Mac OS X 10_9_0) AppleWebKit/537.36 (KHTML, like Gecko) Chrome/31.0.1650.57 Safari/537.36"
TypeError: Cannot call method 'getResponseMessage' of undefined
    at new Users (/Library/WebServer/Documents/myapps/touch/streads/streads/app/controllers/users.js:12:22)
    at controller.create (/usr/local/lib/node_modules/geddy/lib/controller/index.js:42:14)
    at /usr/local/lib/node_modules/geddy/lib/app/index.js:459:39
    at b (domain.js:183:18)
    at Domain.run (domain.js:123:23)
    at Server.<anonymous> (/usr/local/lib/node_modules/geddy/lib/app/index.js:435:11)
    at Manager.handleRequest (/Library/WebServer/Documents/myapps/touch/streads/streads/node_modules/socket.io/lib/manager.js:565:28)
    at Server.<anonymous> (/Library/WebServer/Documents/myapps/touch/streads/streads/node_modules/socket.io/lib/manager.js:119:10)
    at Server.EventEmitter.emit (events.js:98:17)
    at HTTPParser.parser.onIncoming (http.js:2045:12)
[Fri, 29 Nov 2013 02:06:04 GMT] ERROR Worker 33322 died.
