[Tue, 24 Dec 2013 07:42:41 GMT] ERROR Cannot read property 'getsockname' of undefined
TypeError: Cannot read property 'getsockname' of undefined
    at net.js:1072:23
    at Object.1:1 (cluster.js:587:5)
    at handleResponse (cluster.js:171:41)
    at respond (cluster.js:192:5)
    at handleMessage (cluster.js:202:5)
    at process.EventEmitter.emit (events.js:117:20)
    at handleMessage (child_process.js:318:10)
    at Pipe.channel.onread (child_process.js:345:11)
[Tue, 24 Dec 2013 07:42:41 GMT] ERROR Cannot read property 'getsockname' of undefined
TypeError: Cannot read property 'getsockname' of undefined
    at net.js:1072:23
    at Object.2:1 (cluster.js:587:5)
    at handleResponse (cluster.js:171:41)
    at respond (cluster.js:192:5)
    at handleMessage (cluster.js:202:5)
    at process.EventEmitter.emit (events.js:117:20)
    at handleMessage (child_process.js:318:10)
    at Pipe.channel.onread (child_process.js:345:11)
