[Fri, 29 Nov 2013 21:20:29 GMT] INFO Server starting with config: {
  "environment": "development",
  "workers": 1,
  "port": 4000,
  "spdy": null,
  "ssl": null,
  "detailedErrors": true,
  "flash": {
    "defaultClass": "alert",
    "inlineClasses": {
      "success": "alert alert-success",
      "alert": "alert",
      "error": "alert alert-error",
      "info": "alert alert-info"
    },
    "blockClasses": {
      "success": "alert alert-block alert-success",
      "alert": "alert alert-block",
      "error": "alert alert-block alert-error",
      "info": "alert alert-block alert-info"
    }
  },
  "debug": true,
  "rotateWorkers": false,
  "rotationWindow": 7200000,
  "rotationTimeout": 300000,
  "logDir": "/Library/WebServer/Documents/myapps/touch/streads/streads/log",
  "gracefulShutdownTimeout": 30000,
  "heartbeatInterval": 5000,
  "heartbeatWindow": 20000,
  "staticFilePath": "/Library/WebServer/Documents/myapps/touch/streads/streads/public",
  "cacheControl": {
    "expires": {
      "default": 0
    }
  },
  "sessions": {
    "store": "cookie",
    "key": "sid",
    "expiry": 1209600
  },
  "cookieSessionKey": "sdata",
  "i18n": {
    "defaultLocale": "en-us",
    "loadPaths": [
      "/Library/WebServer/Documents/myapps/touch/streads/streads/config/locales"
    ]
  },
  "hostname": null,
  "fullHostname": null,
  "connectCompatibility": false,
  "realtime": true,
  "model": {
    "defaultAdapter": "mongo"
  },
  "db": {
    "mongo": {
      "username": "deepakkghosh",
      "dbname": "streadsdev",
      "prefix": null,
      "password": "deepakkghoshpass",
      "host": "dharma.mongohq.com",
      "port": 10029
    }
  },
  "passport": {
    "successRedirect": "/",
    "failureRedirect": "/login",
    "twitter": {
      "consumerKey": "XXXXX",
      "consumerSecret": "XXXXX"
    },
    "facebook": {
      "clientID": "XXXXX",
      "clientSecret": "XXXXX"
    },
    "yammer": {
      "clientID": "XXXXX",
      "clientSecret": "XXXXX"
    }
  },
  "secret": "PXTTjtFUCt75Ii0klpOLtwng963npLietza7jgxTNDUlN1ijSo7XpLGfin41XFDIJRE2NGY1qH58Xb5mciSmutZC02BOVtv6EEWyJKt75JxBjGKkJ6hK56cCYxlwNbz8"
}
[Fri, 29 Nov 2013 21:20:29 GMT] INFO Creating 1 worker process.
[Fri, 29 Nov 2013 21:20:29 GMT] INFO Server worker running in development on port 4000 with a PID of: 35487
[Fri, 29 Nov 2013 21:21:09 GMT] INFO Creating 1 worker process.
[Fri, 29 Nov 2013 21:21:13 GMT] INFO Server worker running in development on port 4000 with a PID of: 35488
[Fri, 29 Nov 2013 21:22:52 GMT] INFO Code changed, killing 35488, cycling ...
[Fri, 29 Nov 2013 21:22:52 GMT] INFO Creating 1 worker process.
[Fri, 29 Nov 2013 21:22:57 GMT] INFO Server worker running in development on port 4000 with a PID of: 35489
[Fri, 29 Nov 2013 21:23:07 GMT] INFO Code changed, killing 35489, cycling ...
[Fri, 29 Nov 2013 21:23:07 GMT] INFO Creating 1 worker process.
[Fri, 29 Nov 2013 21:23:08 GMT] INFO Server worker running in development on port 4000 with a PID of: 35490
[Fri, 29 Nov 2013 21:23:13 GMT] INFO Code changed, killing 35490, cycling ...
[Fri, 29 Nov 2013 21:23:13 GMT] INFO Creating 1 worker process.
[Fri, 29 Nov 2013 21:23:14 GMT] INFO Server worker running in development on port 4000 with a PID of: 35491
[Fri, 29 Nov 2013 21:23:26 GMT] INFO Code changed, killing 35491, cycling ...
[Fri, 29 Nov 2013 21:23:26 GMT] INFO Creating 1 worker process.
[Fri, 29 Nov 2013 21:23:27 GMT] INFO Server worker running in development on port 4000 with a PID of: 35492
[Fri, 29 Nov 2013 21:23:58 GMT] INFO Code changed, killing 35492, cycling ...
[Fri, 29 Nov 2013 21:23:58 GMT] INFO Creating 1 worker process.
[Fri, 29 Nov 2013 21:23:59 GMT] INFO Server worker running in development on port 4000 with a PID of: 35493
[Fri, 29 Nov 2013 21:24:02 GMT] INFO Code changed, killing 35493, cycling ...
[Fri, 29 Nov 2013 21:24:02 GMT] INFO Creating 1 worker process.
[Fri, 29 Nov 2013 21:24:03 GMT] INFO Server worker running in development on port 4000 with a PID of: 35494
[Fri, 29 Nov 2013 21:35:50 GMT] INFO Code changed, killing 35494, cycling ...
[Fri, 29 Nov 2013 21:35:50 GMT] INFO Creating 1 worker process.
[Fri, 29 Nov 2013 21:35:57 GMT] INFO Server worker running in development on port 4000 with a PID of: 35533
[Fri, 29 Nov 2013 21:36:49 GMT] INFO Code changed, killing 35533, cycling ...
[Fri, 29 Nov 2013 21:36:49 GMT] INFO Creating 1 worker process.
[Fri, 29 Nov 2013 21:36:53 GMT] INFO Server worker running in development on port 4000 with a PID of: 35537
[Fri, 29 Nov 2013 21:56:21 GMT] INFO Code changed, killing 35537, cycling ...
[Fri, 29 Nov 2013 21:56:21 GMT] INFO Creating 1 worker process.
[Fri, 29 Nov 2013 21:56:29 GMT] INFO Server worker running in development on port 4000 with a PID of: 35578
[Fri, 29 Nov 2013 22:05:32 GMT] INFO Code changed, killing 35578, cycling ...
[Fri, 29 Nov 2013 22:05:32 GMT] INFO Creating 1 worker process.
[Fri, 29 Nov 2013 22:05:38 GMT] INFO Server worker running in development on port 4000 with a PID of: 35593
[Fri, 29 Nov 2013 22:05:53 GMT] INFO Code changed, killing 35593, cycling ...
[Fri, 29 Nov 2013 22:05:53 GMT] INFO Creating 1 worker process.
[Fri, 29 Nov 2013 22:05:55 GMT] INFO Server worker running in development on port 4000 with a PID of: 35594
[Fri, 29 Nov 2013 22:11:52 GMT] INFO Code changed, killing 35594, cycling ...
[Fri, 29 Nov 2013 22:11:52 GMT] INFO Creating 1 worker process.
[Fri, 29 Nov 2013 22:11:56 GMT] INFO Server worker running in development on port 4000 with a PID of: 35604
