[Tue, 17 Dec 2013 20:15:11 GMT] INFO Server starting with config: {
  "environment": "development",
  "workers": 1,
  "port": 4000,
  "spdy": null,
  "ssl": null,
  "detailedErrors": true,
  "flash": {
    "defaultClass": "alert",
    "inlineClasses": {
      "success": "alert alert-success",
      "alert": "alert",
      "error": "alert alert-error",
      "info": "alert alert-info"
    },
    "blockClasses": {
      "success": "alert alert-block alert-success",
      "alert": "alert alert-block",
      "error": "alert alert-block alert-error",
      "info": "alert alert-block alert-info"
    }
  },
  "debug": true,
  "rotateWorkers": false,
  "rotationWindow": 7200000,
  "rotationTimeout": 300000,
  "logDir": "/Library/WebServer/Documents/myapps/touch/streads/streads/log",
  "gracefulShutdownTimeout": 30000,
  "heartbeatInterval": 5000,
  "heartbeatWindow": 20000,
  "staticFilePath": "/Library/WebServer/Documents/myapps/touch/streads/streads/public",
  "cacheControl": {
    "expires": {
      "default": 0
    }
  },
  "sessions": {
    "store": "cookie",
    "key": "sid",
    "expiry": 1209600
  },
  "cookieSessionKey": "sdata",
  "i18n": {
    "defaultLocale": "en-us",
    "loadPaths": [
      "/Library/WebServer/Documents/myapps/touch/streads/streads/config/locales"
    ]
  },
  "hostname": null,
  "fullHostname": null,
  "connectCompatibility": false,
  "realtime": true,
  "model": {
    "defaultAdapter": "mongo"
  },
  "db": {
    "mongo": {
      "username": "deepakkghosh",
      "dbname": "streadsdev",
      "prefix": null,
      "password": "deepakkghoshpass",
      "host": "dharma.mongohq.com",
      "port": 10029
    }
  },
  "passport": {
    "successRedirect": "/",
    "failureRedirect": "/login",
    "twitter": {
      "consumerKey": "XXXXX",
      "consumerSecret": "XXXXX"
    },
    "facebook": {
      "clientID": "XXXXX",
      "clientSecret": "XXXXX"
    },
    "yammer": {
      "clientID": "XXXXX",
      "clientSecret": "XXXXX"
    }
  },
  "secret": "PXTTjtFUCt75Ii0klpOLtwng963npLietza7jgxTNDUlN1ijSo7XpLGfin41XFDIJRE2NGY1qH58Xb5mciSmutZC02BOVtv6EEWyJKt75JxBjGKkJ6hK56cCYxlwNbz8"
}
[Tue, 17 Dec 2013 20:15:11 GMT] INFO Creating 1 worker process.
[Tue, 17 Dec 2013 20:15:24 GMT] INFO Server worker running in development on port 4000 with a PID of: 1226
[Tue, 17 Dec 2013 22:06:59 GMT] INFO Code changed, killing 1226, cycling ...
[Tue, 17 Dec 2013 22:07:00 GMT] INFO Creating 1 worker process.
[Tue, 17 Dec 2013 22:07:05 GMT] INFO Server worker running in development on port 4000 with a PID of: 1393
[Tue, 17 Dec 2013 22:07:18 GMT] INFO Code changed, killing 1393, cycling ...
[Tue, 17 Dec 2013 22:07:18 GMT] INFO Creating 1 worker process.
[Tue, 17 Dec 2013 22:07:19 GMT] INFO Server worker running in development on port 4000 with a PID of: 1397
[Tue, 17 Dec 2013 22:07:48 GMT] INFO Code changed, killing 1397, cycling ...
[Tue, 17 Dec 2013 22:07:48 GMT] INFO Creating 1 worker process.
[Tue, 17 Dec 2013 22:07:49 GMT] INFO Server worker running in development on port 4000 with a PID of: 1398
[Wed, 18 Dec 2013 05:04:27 GMT] INFO Code changed, killing 1398, cycling ...
[Wed, 18 Dec 2013 05:04:27 GMT] INFO Creating 1 worker process.
[Wed, 18 Dec 2013 05:04:34 GMT] INFO Server worker running in development on port 4000 with a PID of: 2041
[Wed, 18 Dec 2013 05:20:40 GMT] INFO Code changed, killing 2041, cycling ...
[Wed, 18 Dec 2013 05:20:40 GMT] INFO Creating 1 worker process.
[Wed, 18 Dec 2013 05:20:44 GMT] INFO Server worker running in development on port 4000 with a PID of: 2066
[Wed, 18 Dec 2013 05:20:48 GMT] INFO Code changed, killing 2066, cycling ...
[Wed, 18 Dec 2013 05:20:48 GMT] INFO Creating 1 worker process.
[Wed, 18 Dec 2013 05:20:49 GMT] INFO Server worker running in development on port 4000 with a PID of: 2069
[Wed, 18 Dec 2013 05:21:37 GMT] INFO Code changed, killing 2069, cycling ...
[Wed, 18 Dec 2013 05:21:37 GMT] INFO Creating 1 worker process.
[Wed, 18 Dec 2013 05:21:38 GMT] INFO Server worker running in development on port 4000 with a PID of: 2070
[Wed, 18 Dec 2013 05:21:43 GMT] INFO Code changed, killing 2070, cycling ...
[Wed, 18 Dec 2013 05:21:43 GMT] INFO Creating 1 worker process.
[Wed, 18 Dec 2013 05:21:44 GMT] INFO Server worker running in development on port 4000 with a PID of: 2071
[Wed, 18 Dec 2013 05:29:52 GMT] INFO Code changed, killing 2071, cycling ...
[Wed, 18 Dec 2013 05:29:52 GMT] INFO Creating 1 worker process.
[Wed, 18 Dec 2013 05:29:56 GMT] INFO Server worker running in development on port 4000 with a PID of: 2084
[Wed, 18 Dec 2013 05:33:45 GMT] INFO Code changed, killing 2084, cycling ...
[Wed, 18 Dec 2013 05:33:45 GMT] INFO Creating 1 worker process.
[Wed, 18 Dec 2013 05:33:51 GMT] INFO Server worker running in development on port 4000 with a PID of: 2114
[Wed, 18 Dec 2013 05:33:56 GMT] INFO Code changed, killing 2114, cycling ...
[Wed, 18 Dec 2013 05:33:56 GMT] INFO Creating 1 worker process.
[Wed, 18 Dec 2013 05:34:00 GMT] INFO Server worker running in development on port 4000 with a PID of: 2124
[Wed, 18 Dec 2013 05:34:15 GMT] INFO Code changed, killing 2124, cycling ...
[Wed, 18 Dec 2013 05:34:15 GMT] INFO Creating 1 worker process.
[Wed, 18 Dec 2013 05:34:16 GMT] INFO Server worker running in development on port 4000 with a PID of: 2125
[Wed, 18 Dec 2013 05:34:33 GMT] INFO Code changed, killing 2125, cycling ...
[Wed, 18 Dec 2013 05:34:33 GMT] INFO Creating 1 worker process.
[Wed, 18 Dec 2013 05:34:37 GMT] INFO Server worker running in development on port 4000 with a PID of: 2126
[Wed, 18 Dec 2013 05:34:38 GMT] INFO Code changed, killing 2126, cycling ...
[Wed, 18 Dec 2013 05:34:38 GMT] INFO Creating 1 worker process.
[Wed, 18 Dec 2013 05:34:39 GMT] INFO Server worker running in development on port 4000 with a PID of: 2127
[Wed, 18 Dec 2013 05:34:49 GMT] INFO Code changed, killing 2127, cycling ...
[Wed, 18 Dec 2013 05:34:49 GMT] INFO Creating 1 worker process.
[Wed, 18 Dec 2013 05:34:50 GMT] INFO Server worker running in development on port 4000 with a PID of: 2128
[Wed, 18 Dec 2013 05:35:06 GMT] INFO Code changed, killing 2128, cycling ...
[Wed, 18 Dec 2013 05:35:06 GMT] INFO Creating 1 worker process.
[Wed, 18 Dec 2013 05:35:07 GMT] INFO Server worker running in development on port 4000 with a PID of: 2129
[Wed, 18 Dec 2013 05:35:23 GMT] INFO Code changed, killing 2129, cycling ...
[Wed, 18 Dec 2013 05:35:23 GMT] INFO Creating 1 worker process.
[Wed, 18 Dec 2013 05:35:24 GMT] INFO Server worker running in development on port 4000 with a PID of: 2130
[Wed, 18 Dec 2013 05:35:32 GMT] INFO Code changed, killing 2130, cycling ...
[Wed, 18 Dec 2013 05:35:32 GMT] INFO Creating 1 worker process.
[Wed, 18 Dec 2013 05:35:33 GMT] INFO Server worker running in development on port 4000 with a PID of: 2131
[Wed, 18 Dec 2013 05:35:35 GMT] INFO Code changed, killing 2131, cycling ...
[Wed, 18 Dec 2013 05:35:35 GMT] INFO Creating 1 worker process.
[Wed, 18 Dec 2013 05:35:36 GMT] INFO Server worker running in development on port 4000 with a PID of: 2132
[Wed, 18 Dec 2013 05:36:12 GMT] INFO Code changed, killing 2132, cycling ...
[Wed, 18 Dec 2013 05:36:12 GMT] INFO Creating 1 worker process.
[Wed, 18 Dec 2013 05:36:12 GMT] INFO Code changed, killing 2135, cycling ...
[Wed, 18 Dec 2013 05:36:12 GMT] INFO Creating 1 worker process.
[Wed, 18 Dec 2013 05:36:14 GMT] INFO Server worker running in development on port 4000 with a PID of: 2136
