[Wed, 27 Nov 2013 06:11:45 GMT] INFO Server starting with config: {
  "environment": "development",
  "workers": 1,
  "port": 4000,
  "spdy": null,
  "ssl": null,
  "detailedErrors": true,
  "flash": {
    "defaultClass": "alert",
    "inlineClasses": {
      "success": "alert alert-success",
      "alert": "alert",
      "error": "alert alert-error",
      "info": "alert alert-info"
    },
    "blockClasses": {
      "success": "alert alert-block alert-success",
      "alert": "alert alert-block",
      "error": "alert alert-block alert-error",
      "info": "alert alert-block alert-info"
    }
  },
  "debug": true,
  "rotateWorkers": false,
  "rotationWindow": 7200000,
  "rotationTimeout": 300000,
  "logDir": "/Library/WebServer/Documents/myapps/touch/streads/streads/log",
  "gracefulShutdownTimeout": 30000,
  "heartbeatInterval": 5000,
  "heartbeatWindow": 20000,
  "staticFilePath": "/Library/WebServer/Documents/myapps/touch/streads/streads/public",
  "cacheControl": {
    "expires": {
      "default": 0
    }
  },
  "sessions": {
    "store": "memory",
    "key": "sid",
    "expiry": 1209600
  },
  "cookieSessionKey": "sdata",
  "i18n": {
    "defaultLocale": "en-us",
    "loadPaths": [
      "/Library/WebServer/Documents/myapps/touch/streads/streads/config/locales"
    ]
  },
  "hostname": null,
  "fullHostname": null,
  "connectCompatibility": false,
  "realtime": true,
  "model": {
    "defaultAdapter": "filesystem"
  }
}
[Wed, 27 Nov 2013 06:11:45 GMT] INFO Creating 1 worker process.
[Wed, 27 Nov 2013 06:11:46 GMT] INFO Server worker running in development on port 4000 with a PID of: 3277
[Wed, 27 Nov 2013 06:24:46 GMT] INFO Code changed, killing 3277, cycling ...
[Wed, 27 Nov 2013 06:24:46 GMT] INFO Creating 1 worker process.
[Wed, 27 Nov 2013 06:24:48 GMT] INFO Server worker running in development on port 4000 with a PID of: 21693
[Wed, 27 Nov 2013 06:24:50 GMT] INFO Code changed, killing 21693, cycling ...
[Wed, 27 Nov 2013 06:24:50 GMT] INFO Creating 1 worker process.
[Wed, 27 Nov 2013 06:24:50 GMT] INFO Server worker running in development on port 4000 with a PID of: 21762
[Wed, 27 Nov 2013 06:25:01 GMT] INFO Code changed, killing 21762, cycling ...
[Wed, 27 Nov 2013 06:25:01 GMT] INFO Creating 1 worker process.
[Wed, 27 Nov 2013 06:25:02 GMT] INFO Server worker running in development on port 4000 with a PID of: 22032
[Wed, 27 Nov 2013 06:27:06 GMT] INFO Code changed, killing 22032, cycling ...
[Wed, 27 Nov 2013 06:27:06 GMT] INFO Creating 1 worker process.
[Wed, 27 Nov 2013 06:27:07 GMT] INFO Server worker running in development on port 4000 with a PID of: 25289
