[Mon, 23 Dec 2013 04:41:12 GMT] INFO Server starting with config: {
  "environment": "development",
  "workers": 1,
  "port": 4000,
  "spdy": null,
  "ssl": null,
  "detailedErrors": true,
  "flash": {
    "defaultClass": "alert",
    "inlineClasses": {
      "success": "alert alert-success",
      "alert": "alert",
      "error": "alert alert-error",
      "info": "alert alert-info"
    },
    "blockClasses": {
      "success": "alert alert-block alert-success",
      "alert": "alert alert-block",
      "error": "alert alert-block alert-error",
      "info": "alert alert-block alert-info"
    }
  },
  "debug": true,
  "rotateWorkers": false,
  "rotationWindow": 7200000,
  "rotationTimeout": 300000,
  "logDir": "/Library/WebServer/Documents/myapps/touch/streads/streads/log",
  "gracefulShutdownTimeout": 30000,
  "heartbeatInterval": 5000,
  "heartbeatWindow": 20000,
  "staticFilePath": "/Library/WebServer/Documents/myapps/touch/streads/streads/public",
  "cacheControl": {
    "expires": {
      "default": 0
    }
  },
  "sessions": {
    "store": "cookie",
    "key": "sid",
    "expiry": 1209600
  },
  "cookieSessionKey": "sdata",
  "i18n": {
    "defaultLocale": "en-us",
    "loadPaths": [
      "/Library/WebServer/Documents/myapps/touch/streads/streads/config/locales"
    ]
  },
  "hostname": null,
  "fullHostname": null,
  "connectCompatibility": false,
  "realtime": true,
  "model": {
    "defaultAdapter": "mongo"
  },
  "db": {
    "mongo": {
      "username": "deepakkghosh",
      "dbname": "streadsdev",
      "prefix": null,
      "password": "deepakkghoshpass",
      "host": "dharma.mongohq.com",
      "port": 10029
    }
  },
  "passport": {
    "successRedirect": "/",
    "failureRedirect": "/login",
    "twitter": {
      "consumerKey": "XXXXX",
      "consumerSecret": "XXXXX"
    },
    "facebook": {
      "clientID": "XXXXX",
      "clientSecret": "XXXXX"
    },
    "yammer": {
      "clientID": "XXXXX",
      "clientSecret": "XXXXX"
    }
  },
  "secret": "PXTTjtFUCt75Ii0klpOLtwng963npLietza7jgxTNDUlN1ijSo7XpLGfin41XFDIJRE2NGY1qH58Xb5mciSmutZC02BOVtv6EEWyJKt75JxBjGKkJ6hK56cCYxlwNbz8"
}
[Mon, 23 Dec 2013 04:41:12 GMT] INFO Creating 1 worker process.
[Mon, 23 Dec 2013 04:41:15 GMT] INFO Server worker running in development on port 4000 with a PID of: 10235
[Mon, 23 Dec 2013 04:42:04 GMT] INFO Creating 1 worker process.
[Mon, 23 Dec 2013 04:42:15 GMT] INFO Server worker running in development on port 4000 with a PID of: 10238
[Mon, 23 Dec 2013 04:42:23 GMT] INFO Code changed, killing 10238, cycling ...
[Mon, 23 Dec 2013 04:42:23 GMT] INFO Creating 1 worker process.
[Mon, 23 Dec 2013 04:42:29 GMT] INFO Server worker running in development on port 4000 with a PID of: 10245
[Mon, 23 Dec 2013 04:42:31 GMT] INFO Code changed, killing 10245, cycling ...
[Mon, 23 Dec 2013 04:42:31 GMT] INFO Creating 1 worker process.
[Mon, 23 Dec 2013 04:42:42 GMT] INFO Server worker running in development on port 4000 with a PID of: 10246
[Mon, 23 Dec 2013 04:44:53 GMT] INFO Creating 1 worker process.
[Mon, 23 Dec 2013 04:45:02 GMT] INFO Server worker running in development on port 4000 with a PID of: 10252
