[Thu, 28 Nov 2013 04:14:55 GMT] INFO Server starting with config: {
  "environment": "development",
  "workers": 1,
  "port": 4000,
  "spdy": null,
  "ssl": null,
  "detailedErrors": true,
  "flash": {
    "defaultClass": "alert",
    "inlineClasses": {
      "success": "alert alert-success",
      "alert": "alert",
      "error": "alert alert-error",
      "info": "alert alert-info"
    },
    "blockClasses": {
      "success": "alert alert-block alert-success",
      "alert": "alert alert-block",
      "error": "alert alert-block alert-error",
      "info": "alert alert-block alert-info"
    }
  },
  "debug": true,
  "rotateWorkers": false,
  "rotationWindow": 7200000,
  "rotationTimeout": 300000,
  "logDir": "/Library/WebServer/Documents/myapps/touch/streads/streads/log",
  "gracefulShutdownTimeout": 30000,
  "heartbeatInterval": 5000,
  "heartbeatWindow": 20000,
  "staticFilePath": "/Library/WebServer/Documents/myapps/touch/streads/streads/public",
  "cacheControl": {
    "expires": {
      "default": 0
    }
  },
  "sessions": {
    "store": "cookie",
    "key": "sid",
    "expiry": 1209600
  },
  "cookieSessionKey": "sdata",
  "i18n": {
    "defaultLocale": "en-us",
    "loadPaths": [
      "/Library/WebServer/Documents/myapps/touch/streads/streads/config/locales"
    ]
  },
  "hostname": null,
  "fullHostname": null,
  "connectCompatibility": false,
  "realtime": true,
  "model": {
    "defaultAdapter": "mongo"
  },
  "db": {
    "mongo": {
      "username": "deepakkghosh",
      "dbname": "streadsdev",
      "prefix": null,
      "password": "deepakkghoshpass",
      "host": "dharma.mongohq.com",
      "port": 10029
    }
  },
  "passport": {
    "successRedirect": "/",
    "failureRedirect": "/login",
    "twitter": {
      "consumerKey": "XXXXX",
      "consumerSecret": "XXXXX"
    },
    "facebook": {
      "clientID": "XXXXX",
      "clientSecret": "XXXXX"
    },
    "yammer": {
      "clientID": "XXXXX",
      "clientSecret": "XXXXX"
    }
  },
  "secret": "PXTTjtFUCt75Ii0klpOLtwng963npLietza7jgxTNDUlN1ijSo7XpLGfin41XFDIJRE2NGY1qH58Xb5mciSmutZC02BOVtv6EEWyJKt75JxBjGKkJ6hK56cCYxlwNbz8"
}
[Thu, 28 Nov 2013 04:14:55 GMT] INFO Creating 1 worker process.
[Thu, 28 Nov 2013 04:14:59 GMT] INFO Server worker running in development on port 4000 with a PID of: 30380
[Thu, 28 Nov 2013 04:15:07 GMT] INFO Code changed, killing 30380, cycling ...
[Thu, 28 Nov 2013 04:15:07 GMT] INFO Creating 1 worker process.
[Thu, 28 Nov 2013 04:15:09 GMT] INFO Server worker running in development on port 4000 with a PID of: 30381
[Thu, 28 Nov 2013 04:15:10 GMT] INFO Code changed, killing 30381, cycling ...
[Thu, 28 Nov 2013 04:15:10 GMT] INFO Creating 1 worker process.
[Thu, 28 Nov 2013 04:15:11 GMT] INFO Server worker running in development on port 4000 with a PID of: 30382
[Thu, 28 Nov 2013 04:15:35 GMT] INFO Code changed, killing 30382, cycling ...
[Thu, 28 Nov 2013 04:15:35 GMT] INFO Creating 1 worker process.
[Thu, 28 Nov 2013 04:16:21 GMT] INFO Creating 1 worker process.
[Thu, 28 Nov 2013 04:16:30 GMT] INFO Creating 1 worker process.
[Thu, 28 Nov 2013 04:17:25 GMT] INFO Creating 1 worker process.
[Thu, 28 Nov 2013 04:17:31 GMT] INFO Creating 1 worker process.
[Thu, 28 Nov 2013 04:50:09 GMT] INFO Creating 1 worker process.
[Thu, 28 Nov 2013 04:50:12 GMT] INFO Creating 1 worker process.
[Thu, 28 Nov 2013 04:52:24 GMT] INFO Creating 1 worker process.
[Thu, 28 Nov 2013 04:53:09 GMT] INFO Creating 1 worker process.
[Thu, 28 Nov 2013 04:53:09 GMT] INFO Code changed, killing 30514, cycling ...
[Thu, 28 Nov 2013 04:53:09 GMT] INFO Creating 1 worker process.
[Thu, 28 Nov 2013 05:32:44 GMT] INFO Creating 1 worker process.
[Thu, 28 Nov 2013 05:33:25 GMT] INFO Creating 1 worker process.
[Thu, 28 Nov 2013 05:33:34 GMT] INFO Creating 1 worker process.
[Thu, 28 Nov 2013 05:33:38 GMT] INFO Creating 1 worker process.
[Thu, 28 Nov 2013 05:33:52 GMT] INFO Creating 1 worker process.
[Thu, 28 Nov 2013 05:33:56 GMT] INFO Creating 1 worker process.
[Thu, 28 Nov 2013 05:34:00 GMT] INFO Creating 1 worker process.
[Thu, 28 Nov 2013 05:34:20 GMT] INFO Creating 1 worker process.
[Thu, 28 Nov 2013 05:34:21 GMT] INFO Creating 1 worker process.
[Thu, 28 Nov 2013 05:34:23 GMT] INFO Creating 1 worker process.
[Thu, 28 Nov 2013 05:34:34 GMT] INFO Creating 1 worker process.
[Thu, 28 Nov 2013 05:49:11 GMT] INFO Creating 1 worker process.
[Thu, 28 Nov 2013 05:49:47 GMT] INFO Creating 1 worker process.
[Thu, 28 Nov 2013 05:50:09 GMT] INFO Creating 1 worker process.
[Thu, 28 Nov 2013 05:50:12 GMT] INFO Creating 1 worker process.
[Thu, 28 Nov 2013 05:50:22 GMT] INFO Creating 1 worker process.
[Thu, 28 Nov 2013 05:50:25 GMT] INFO Server worker running in development on port 4000 with a PID of: 30641
[Thu, 28 Nov 2013 05:50:39 GMT] INFO Code changed, killing 30641, cycling ...
[Thu, 28 Nov 2013 05:50:39 GMT] INFO Creating 1 worker process.
[Thu, 28 Nov 2013 05:50:43 GMT] INFO Server worker running in development on port 4000 with a PID of: 30642
[Thu, 28 Nov 2013 05:50:48 GMT] INFO Code changed, killing 30642, cycling ...
[Thu, 28 Nov 2013 05:50:48 GMT] INFO Creating 1 worker process.
[Thu, 28 Nov 2013 05:50:49 GMT] INFO Server worker running in development on port 4000 with a PID of: 30643
[Thu, 28 Nov 2013 05:58:06 GMT] INFO Code changed, killing 30643, cycling ...
[Thu, 28 Nov 2013 05:58:06 GMT] INFO Creating 1 worker process.
[Thu, 28 Nov 2013 05:58:10 GMT] INFO Server worker running in development on port 4000 with a PID of: 30651
[Thu, 28 Nov 2013 06:03:26 GMT] INFO Code changed, killing 30651, cycling ...
[Thu, 28 Nov 2013 06:03:26 GMT] INFO Creating 1 worker process.
[Thu, 28 Nov 2013 06:03:32 GMT] INFO Server worker running in development on port 4000 with a PID of: 30659
[Thu, 28 Nov 2013 06:11:14 GMT] INFO Code changed, killing 30659, cycling ...
[Thu, 28 Nov 2013 06:11:14 GMT] INFO Creating 1 worker process.
[Thu, 28 Nov 2013 06:11:16 GMT] INFO Code changed, killing 30704, cycling ...
[Thu, 28 Nov 2013 06:11:16 GMT] INFO Creating 1 worker process.
[Thu, 28 Nov 2013 06:11:19 GMT] INFO Code changed, killing 30706, cycling ...
[Thu, 28 Nov 2013 06:11:19 GMT] INFO Creating 1 worker process.
[Thu, 28 Nov 2013 06:11:24 GMT] INFO Server worker running in development on port 4000 with a PID of: 30707
[Thu, 28 Nov 2013 06:11:33 GMT] INFO Code changed, killing 30707, cycling ...
[Thu, 28 Nov 2013 06:11:33 GMT] INFO Creating 1 worker process.
[Thu, 28 Nov 2013 06:11:36 GMT] INFO Server worker running in development on port 4000 with a PID of: 30709
[Thu, 28 Nov 2013 06:11:41 GMT] INFO Code changed, killing 30709, cycling ...
[Thu, 28 Nov 2013 06:11:41 GMT] INFO Creating 1 worker process.
[Thu, 28 Nov 2013 06:11:42 GMT] INFO Server worker running in development on port 4000 with a PID of: 30710
[Thu, 28 Nov 2013 06:11:44 GMT] INFO Code changed, killing 30710, cycling ...
[Thu, 28 Nov 2013 06:11:44 GMT] INFO Creating 1 worker process.
[Thu, 28 Nov 2013 06:11:44 GMT] INFO Server worker running in development on port 4000 with a PID of: 30711
[Thu, 28 Nov 2013 06:12:23 GMT] INFO Code changed, killing 30711, cycling ...
[Thu, 28 Nov 2013 06:12:23 GMT] INFO Creating 1 worker process.
[Thu, 28 Nov 2013 06:12:27 GMT] INFO Server worker running in development on port 4000 with a PID of: 30712
[Thu, 28 Nov 2013 06:13:01 GMT] INFO Code changed, killing 30712, cycling ...
[Thu, 28 Nov 2013 06:13:01 GMT] INFO Creating 1 worker process.
[Thu, 28 Nov 2013 06:13:03 GMT] INFO Server worker running in development on port 4000 with a PID of: 30713
[Thu, 28 Nov 2013 06:13:11 GMT] INFO Code changed, killing 30713, cycling ...
[Thu, 28 Nov 2013 06:13:11 GMT] INFO Creating 1 worker process.
[Thu, 28 Nov 2013 06:13:12 GMT] INFO Server worker running in development on port 4000 with a PID of: 30714
[Thu, 28 Nov 2013 06:13:13 GMT] INFO Code changed, killing 30714, cycling ...
[Thu, 28 Nov 2013 06:13:13 GMT] INFO Creating 1 worker process.
[Thu, 28 Nov 2013 06:13:14 GMT] INFO Server worker running in development on port 4000 with a PID of: 30715
[Thu, 28 Nov 2013 06:13:33 GMT] INFO Code changed, killing 30715, cycling ...
[Thu, 28 Nov 2013 06:13:33 GMT] INFO Creating 1 worker process.
[Thu, 28 Nov 2013 06:13:36 GMT] INFO Server worker running in development on port 4000 with a PID of: 30718
[Thu, 28 Nov 2013 06:16:05 GMT] INFO Code changed, killing 30718, cycling ...
[Thu, 28 Nov 2013 06:16:05 GMT] INFO Creating 1 worker process.
[Thu, 28 Nov 2013 06:16:08 GMT] INFO Server worker running in development on port 4000 with a PID of: 30728
[Thu, 28 Nov 2013 06:17:03 GMT] INFO Code changed, killing 30728, cycling ...
[Thu, 28 Nov 2013 06:17:03 GMT] INFO Creating 1 worker process.
[Thu, 28 Nov 2013 06:17:06 GMT] INFO Server worker running in development on port 4000 with a PID of: 30733
[Thu, 28 Nov 2013 06:17:17 GMT] INFO Code changed, killing 30733, cycling ...
[Thu, 28 Nov 2013 06:17:17 GMT] INFO Creating 1 worker process.
[Thu, 28 Nov 2013 06:17:21 GMT] INFO Server worker running in development on port 4000 with a PID of: 30735
[Thu, 28 Nov 2013 06:17:26 GMT] INFO Code changed, killing 30735, cycling ...
[Thu, 28 Nov 2013 06:17:26 GMT] INFO Creating 1 worker process.
[Thu, 28 Nov 2013 06:17:28 GMT] INFO Server worker running in development on port 4000 with a PID of: 30736
[Thu, 28 Nov 2013 06:17:29 GMT] INFO Code changed, killing 30736, cycling ...
[Thu, 28 Nov 2013 06:17:29 GMT] INFO Creating 1 worker process.
[Thu, 28 Nov 2013 06:17:29 GMT] INFO Server worker running in development on port 4000 with a PID of: 30737
[Thu, 28 Nov 2013 06:20:16 GMT] INFO Code changed, killing 30737, cycling ...
[Thu, 28 Nov 2013 06:20:16 GMT] INFO Creating 1 worker process.
[Thu, 28 Nov 2013 06:20:19 GMT] INFO Server worker running in development on port 4000 with a PID of: 30742
[Thu, 28 Nov 2013 06:20:25 GMT] INFO Code changed, killing 30742, cycling ...
[Thu, 28 Nov 2013 06:20:25 GMT] INFO Creating 1 worker process.
[Thu, 28 Nov 2013 06:20:26 GMT] INFO Server worker running in development on port 4000 with a PID of: 30743
[Thu, 28 Nov 2013 06:26:41 GMT] INFO Code changed, killing 30743, cycling ...
[Thu, 28 Nov 2013 06:26:41 GMT] INFO Creating 1 worker process.
[Thu, 28 Nov 2013 06:26:46 GMT] INFO Server worker running in development on port 4000 with a PID of: 30752
[Thu, 28 Nov 2013 06:38:40 GMT] INFO Code changed, killing 30752, cycling ...
[Thu, 28 Nov 2013 06:38:40 GMT] INFO Creating 1 worker process.
[Thu, 28 Nov 2013 06:38:45 GMT] INFO Server worker running in development on port 4000 with a PID of: 30794
[Thu, 28 Nov 2013 06:39:03 GMT] INFO Code changed, killing 30794, cycling ...
[Thu, 28 Nov 2013 06:39:03 GMT] INFO Creating 1 worker process.
[Thu, 28 Nov 2013 06:39:06 GMT] INFO Server worker running in development on port 4000 with a PID of: 30795
[Thu, 28 Nov 2013 06:40:08 GMT] INFO Code changed, killing 30795, cycling ...
[Thu, 28 Nov 2013 06:40:08 GMT] INFO Creating 1 worker process.
[Thu, 28 Nov 2013 06:40:11 GMT] INFO Code changed, killing 30797, cycling ...
[Thu, 28 Nov 2013 06:40:11 GMT] INFO Creating 1 worker process.
[Thu, 28 Nov 2013 06:40:12 GMT] INFO Server worker running in development on port 4000 with a PID of: 30798
[Thu, 28 Nov 2013 06:40:42 GMT] INFO Code changed, killing 30798, cycling ...
[Thu, 28 Nov 2013 06:40:42 GMT] INFO Creating 1 worker process.
[Thu, 28 Nov 2013 06:40:48 GMT] INFO Server worker running in development on port 4000 with a PID of: 30800
[Thu, 28 Nov 2013 06:40:52 GMT] INFO Code changed, killing 30800, cycling ...
[Thu, 28 Nov 2013 06:40:52 GMT] INFO Creating 1 worker process.
[Thu, 28 Nov 2013 06:40:53 GMT] INFO Server worker running in development on port 4000 with a PID of: 30801
[Thu, 28 Nov 2013 06:41:00 GMT] INFO Code changed, killing 30801, cycling ...
[Thu, 28 Nov 2013 06:41:00 GMT] INFO Creating 1 worker process.
[Thu, 28 Nov 2013 06:41:07 GMT] INFO Server worker running in development on port 4000 with a PID of: 30802
[Thu, 28 Nov 2013 06:41:20 GMT] INFO Code changed, killing 30802, cycling ...
[Thu, 28 Nov 2013 06:41:20 GMT] INFO Creating 1 worker process.
[Thu, 28 Nov 2013 06:41:26 GMT] INFO Server worker running in development on port 4000 with a PID of: 30805
[Thu, 28 Nov 2013 06:43:20 GMT] INFO Code changed, killing 30805, cycling ...
[Thu, 28 Nov 2013 06:43:20 GMT] INFO Creating 1 worker process.
[Thu, 28 Nov 2013 06:43:25 GMT] INFO Server worker running in development on port 4000 with a PID of: 30811
[Thu, 28 Nov 2013 06:43:31 GMT] INFO Code changed, killing 30811, cycling ...
[Thu, 28 Nov 2013 06:43:31 GMT] INFO Creating 1 worker process.
[Thu, 28 Nov 2013 06:43:32 GMT] INFO Server worker running in development on port 4000 with a PID of: 30812
[Thu, 28 Nov 2013 06:43:41 GMT] INFO Code changed, killing 30812, cycling ...
[Thu, 28 Nov 2013 06:43:41 GMT] INFO Creating 1 worker process.
[Thu, 28 Nov 2013 06:43:41 GMT] INFO Server worker running in development on port 4000 with a PID of: 30813
[Thu, 28 Nov 2013 07:12:59 GMT] INFO Code changed, killing 30813, cycling ...
[Thu, 28 Nov 2013 07:12:59 GMT] INFO Creating 1 worker process.
[Thu, 28 Nov 2013 07:13:04 GMT] INFO Server worker running in development on port 4000 with a PID of: 30893
[Thu, 28 Nov 2013 07:13:19 GMT] INFO Code changed, killing 30893, cycling ...
[Thu, 28 Nov 2013 07:13:19 GMT] INFO Creating 1 worker process.
[Thu, 28 Nov 2013 07:13:20 GMT] INFO Server worker running in development on port 4000 with a PID of: 30894
[Thu, 28 Nov 2013 07:14:56 GMT] INFO Code changed, killing 30894, cycling ...
[Thu, 28 Nov 2013 07:14:56 GMT] INFO Creating 1 worker process.
[Thu, 28 Nov 2013 07:14:58 GMT] INFO Server worker running in development on port 4000 with a PID of: 30895
[Thu, 28 Nov 2013 07:17:15 GMT] INFO Code changed, killing 30895, cycling ...
[Thu, 28 Nov 2013 07:17:15 GMT] INFO Creating 1 worker process.
[Thu, 28 Nov 2013 07:17:19 GMT] INFO Server worker running in development on port 4000 with a PID of: 30897
[Thu, 28 Nov 2013 07:17:26 GMT] INFO Code changed, killing 30897, cycling ...
[Thu, 28 Nov 2013 07:17:26 GMT] INFO Creating 1 worker process.
[Thu, 28 Nov 2013 07:17:27 GMT] INFO Server worker running in development on port 4000 with a PID of: 30898
[Thu, 28 Nov 2013 07:19:46 GMT] INFO Code changed, killing 30898, cycling ...
[Thu, 28 Nov 2013 07:19:46 GMT] INFO Creating 1 worker process.
[Thu, 28 Nov 2013 07:19:50 GMT] INFO Server worker running in development on port 4000 with a PID of: 30904
[Thu, 28 Nov 2013 07:19:51 GMT] INFO Code changed, killing 30904, cycling ...
[Thu, 28 Nov 2013 07:19:51 GMT] INFO Creating 1 worker process.
[Thu, 28 Nov 2013 07:19:52 GMT] INFO Server worker running in development on port 4000 with a PID of: 30906
[Thu, 28 Nov 2013 07:20:32 GMT] INFO Code changed, killing 30906, cycling ...
[Thu, 28 Nov 2013 07:20:32 GMT] INFO Creating 1 worker process.
[Thu, 28 Nov 2013 07:20:33 GMT] INFO Server worker running in development on port 4000 with a PID of: 30907
[Thu, 28 Nov 2013 07:21:15 GMT] INFO Code changed, killing 30907, cycling ...
[Thu, 28 Nov 2013 07:21:15 GMT] INFO Creating 1 worker process.
[Thu, 28 Nov 2013 07:21:19 GMT] INFO Server worker running in development on port 4000 with a PID of: 30909
[Thu, 28 Nov 2013 07:21:28 GMT] INFO Code changed, killing 30909, cycling ...
[Thu, 28 Nov 2013 07:21:28 GMT] INFO Creating 1 worker process.
[Thu, 28 Nov 2013 07:21:31 GMT] INFO Server worker running in development on port 4000 with a PID of: 30910
[Thu, 28 Nov 2013 07:21:55 GMT] INFO Code changed, killing 30910, cycling ...
[Thu, 28 Nov 2013 07:21:55 GMT] INFO Creating 1 worker process.
[Thu, 28 Nov 2013 07:21:57 GMT] INFO Server worker running in development on port 4000 with a PID of: 30911
[Thu, 28 Nov 2013 07:22:34 GMT] INFO Code changed, killing 30911, cycling ...
[Thu, 28 Nov 2013 07:22:34 GMT] INFO Creating 1 worker process.
[Thu, 28 Nov 2013 07:22:38 GMT] INFO Code changed, killing 30912, cycling ...
[Thu, 28 Nov 2013 07:22:38 GMT] INFO Creating 1 worker process.
[Thu, 28 Nov 2013 07:22:41 GMT] INFO Server worker running in development on port 4000 with a PID of: 30916
[Thu, 28 Nov 2013 07:22:54 GMT] INFO Code changed, killing 30916, cycling ...
[Thu, 28 Nov 2013 07:22:54 GMT] INFO Creating 1 worker process.
[Thu, 28 Nov 2013 07:22:55 GMT] INFO Server worker running in development on port 4000 with a PID of: 30917
[Thu, 28 Nov 2013 07:23:07 GMT] INFO Code changed, killing 30917, cycling ...
[Thu, 28 Nov 2013 07:23:08 GMT] INFO Creating 1 worker process.
[Thu, 28 Nov 2013 07:23:09 GMT] INFO Server worker running in development on port 4000 with a PID of: 30918
[Thu, 28 Nov 2013 07:23:11 GMT] INFO Code changed, killing 30918, cycling ...
[Thu, 28 Nov 2013 07:23:11 GMT] INFO Creating 1 worker process.
[Thu, 28 Nov 2013 07:23:12 GMT] INFO Server worker running in development on port 4000 with a PID of: 30919
[Thu, 28 Nov 2013 07:23:19 GMT] INFO Code changed, killing 30919, cycling ...
[Thu, 28 Nov 2013 07:23:19 GMT] INFO Creating 1 worker process.
[Thu, 28 Nov 2013 07:23:19 GMT] INFO Server worker running in development on port 4000 with a PID of: 30920
[Thu, 28 Nov 2013 07:23:28 GMT] INFO Code changed, killing 30920, cycling ...
[Thu, 28 Nov 2013 07:23:28 GMT] INFO Creating 1 worker process.
[Thu, 28 Nov 2013 07:23:29 GMT] INFO Server worker running in development on port 4000 with a PID of: 30921
[Thu, 28 Nov 2013 07:23:33 GMT] INFO Code changed, killing 30921, cycling ...
[Thu, 28 Nov 2013 07:23:33 GMT] INFO Creating 1 worker process.
[Thu, 28 Nov 2013 07:23:34 GMT] INFO Server worker running in development on port 4000 with a PID of: 30922
[Thu, 28 Nov 2013 07:23:40 GMT] INFO Code changed, killing 30922, cycling ...
[Thu, 28 Nov 2013 07:23:40 GMT] INFO Creating 1 worker process.
[Thu, 28 Nov 2013 07:23:41 GMT] INFO Server worker running in development on port 4000 with a PID of: 30923
[Thu, 28 Nov 2013 07:24:26 GMT] INFO Code changed, killing 30923, cycling ...
[Thu, 28 Nov 2013 07:24:26 GMT] INFO Creating 1 worker process.
[Thu, 28 Nov 2013 07:24:30 GMT] INFO Server worker running in development on port 4000 with a PID of: 30924
[Thu, 28 Nov 2013 07:24:49 GMT] INFO Code changed, killing 30924, cycling ...
[Thu, 28 Nov 2013 07:24:49 GMT] INFO Creating 1 worker process.
[Thu, 28 Nov 2013 07:24:52 GMT] INFO Server worker running in development on port 4000 with a PID of: 30925
[Thu, 28 Nov 2013 07:25:08 GMT] INFO Code changed, killing 30925, cycling ...
[Thu, 28 Nov 2013 07:25:08 GMT] INFO Creating 1 worker process.
[Thu, 28 Nov 2013 07:25:09 GMT] INFO Server worker running in development on port 4000 with a PID of: 30926
[Thu, 28 Nov 2013 07:25:11 GMT] INFO Code changed, killing 30926, cycling ...
[Thu, 28 Nov 2013 07:25:11 GMT] INFO Creating 1 worker process.
[Thu, 28 Nov 2013 07:25:12 GMT] INFO Server worker running in development on port 4000 with a PID of: 30927
[Thu, 28 Nov 2013 07:25:22 GMT] INFO Code changed, killing 30927, cycling ...
[Thu, 28 Nov 2013 07:25:22 GMT] INFO Creating 1 worker process.
[Thu, 28 Nov 2013 07:25:22 GMT] INFO Server worker running in development on port 4000 with a PID of: 30928
[Thu, 28 Nov 2013 07:25:45 GMT] INFO Code changed, killing 30928, cycling ...
[Thu, 28 Nov 2013 07:25:45 GMT] INFO Creating 1 worker process.
[Thu, 28 Nov 2013 07:25:48 GMT] INFO Server worker running in development on port 4000 with a PID of: 30932
[Thu, 28 Nov 2013 20:09:59 GMT] INFO Code changed, killing 30932, cycling ...
[Thu, 28 Nov 2013 20:09:59 GMT] INFO Creating 1 worker process.
[Thu, 28 Nov 2013 20:10:08 GMT] INFO Server worker running in development on port 4000 with a PID of: 32188
[Thu, 28 Nov 2013 20:14:36 GMT] INFO Code changed, killing 32188, cycling ...
[Thu, 28 Nov 2013 20:14:36 GMT] INFO Creating 1 worker process.
[Thu, 28 Nov 2013 20:17:30 GMT] INFO Creating 1 worker process.
[Thu, 28 Nov 2013 20:17:35 GMT] INFO Server worker running in development on port 4000 with a PID of: 32197
[Thu, 28 Nov 2013 20:17:43 GMT] INFO Code changed, killing 32197, cycling ...
[Thu, 28 Nov 2013 20:17:43 GMT] INFO Creating 1 worker process.
[Thu, 28 Nov 2013 20:17:43 GMT] INFO Server worker running in development on port 4000 with a PID of: 32200
[Thu, 28 Nov 2013 20:17:48 GMT] INFO Code changed, killing 32200, cycling ...
[Thu, 28 Nov 2013 20:17:48 GMT] INFO Creating 1 worker process.
[Thu, 28 Nov 2013 20:17:49 GMT] INFO Server worker running in development on port 4000 with a PID of: 32201
[Thu, 28 Nov 2013 20:18:21 GMT] INFO Code changed, killing 32201, cycling ...
[Thu, 28 Nov 2013 20:18:21 GMT] INFO Creating 1 worker process.
[Thu, 28 Nov 2013 20:18:51 GMT] INFO Creating 1 worker process.
[Thu, 28 Nov 2013 20:18:55 GMT] INFO Server worker running in development on port 4000 with a PID of: 32203
[Thu, 28 Nov 2013 20:19:05 GMT] INFO Code changed, killing 32203, cycling ...
[Thu, 28 Nov 2013 20:19:05 GMT] INFO Creating 1 worker process.
[Thu, 28 Nov 2013 20:19:07 GMT] INFO Server worker running in development on port 4000 with a PID of: 32204
[Thu, 28 Nov 2013 20:19:31 GMT] INFO Code changed, killing 32204, cycling ...
[Thu, 28 Nov 2013 20:19:31 GMT] INFO Creating 1 worker process.
[Thu, 28 Nov 2013 20:19:33 GMT] INFO Server worker running in development on port 4000 with a PID of: 32205
[Thu, 28 Nov 2013 20:20:22 GMT] INFO Code changed, killing 32205, cycling ...
[Thu, 28 Nov 2013 20:20:22 GMT] INFO Creating 1 worker process.
[Thu, 28 Nov 2013 20:20:26 GMT] INFO Server worker running in development on port 4000 with a PID of: 32206
[Thu, 28 Nov 2013 20:20:47 GMT] INFO Code changed, killing 32206, cycling ...
[Thu, 28 Nov 2013 20:20:47 GMT] INFO Creating 1 worker process.
[Thu, 28 Nov 2013 20:20:47 GMT] INFO Server worker running in development on port 4000 with a PID of: 32207
[Thu, 28 Nov 2013 20:20:54 GMT] INFO Code changed, killing 32207, cycling ...
[Thu, 28 Nov 2013 20:20:54 GMT] INFO Creating 1 worker process.
[Thu, 28 Nov 2013 20:20:55 GMT] INFO Server worker running in development on port 4000 with a PID of: 32208
[Thu, 28 Nov 2013 20:21:02 GMT] INFO Code changed, killing 32208, cycling ...
[Thu, 28 Nov 2013 20:21:02 GMT] INFO Creating 1 worker process.
[Thu, 28 Nov 2013 20:21:03 GMT] INFO Server worker running in development on port 4000 with a PID of: 32211
[Thu, 28 Nov 2013 20:21:55 GMT] INFO Code changed, killing 32211, cycling ...
[Thu, 28 Nov 2013 20:21:55 GMT] INFO Creating 1 worker process.
[Thu, 28 Nov 2013 20:21:58 GMT] INFO Code changed, killing 32212, cycling ...
[Thu, 28 Nov 2013 20:21:58 GMT] INFO Creating 1 worker process.
[Thu, 28 Nov 2013 20:22:00 GMT] INFO Server worker running in development on port 4000 with a PID of: 32213
[Thu, 28 Nov 2013 20:22:07 GMT] INFO Code changed, killing 32213, cycling ...
[Thu, 28 Nov 2013 20:22:07 GMT] INFO Creating 1 worker process.
[Thu, 28 Nov 2013 20:22:07 GMT] INFO Server worker running in development on port 4000 with a PID of: 32214
[Thu, 28 Nov 2013 20:23:43 GMT] INFO Code changed, killing 32214, cycling ...
[Thu, 28 Nov 2013 20:23:43 GMT] INFO Creating 1 worker process.
[Thu, 28 Nov 2013 20:23:50 GMT] INFO Server worker running in development on port 4000 with a PID of: 32224
[Thu, 28 Nov 2013 20:24:19 GMT] INFO Code changed, killing 32224, cycling ...
[Thu, 28 Nov 2013 20:24:19 GMT] INFO Creating 1 worker process.
[Thu, 28 Nov 2013 20:24:23 GMT] INFO Server worker running in development on port 4000 with a PID of: 32225
[Thu, 28 Nov 2013 20:25:12 GMT] INFO Code changed, killing 32225, cycling ...
[Thu, 28 Nov 2013 20:25:12 GMT] INFO Creating 1 worker process.
[Thu, 28 Nov 2013 20:25:18 GMT] INFO Server worker running in development on port 4000 with a PID of: 32230
[Thu, 28 Nov 2013 20:27:03 GMT] INFO Code changed, killing 32230, cycling ...
[Thu, 28 Nov 2013 20:27:03 GMT] INFO Creating 1 worker process.
[Thu, 28 Nov 2013 20:27:05 GMT] INFO Code changed, killing 32237, cycling ...
[Thu, 28 Nov 2013 20:27:05 GMT] INFO Creating 1 worker process.
[Thu, 28 Nov 2013 20:27:07 GMT] INFO Server worker running in development on port 4000 with a PID of: 32238
[Thu, 28 Nov 2013 20:29:50 GMT] INFO Code changed, killing 32238, cycling ...
[Thu, 28 Nov 2013 20:29:50 GMT] INFO Creating 1 worker process.
[Thu, 28 Nov 2013 20:31:18 GMT] INFO Creating 1 worker process.
[Thu, 28 Nov 2013 20:31:22 GMT] INFO Server worker running in development on port 4000 with a PID of: 32246
[Thu, 28 Nov 2013 20:31:24 GMT] INFO Code changed, killing 32246, cycling ...
[Thu, 28 Nov 2013 20:31:24 GMT] INFO Creating 1 worker process.
[Thu, 28 Nov 2013 20:31:25 GMT] INFO Server worker running in development on port 4000 with a PID of: 32247
[Thu, 28 Nov 2013 20:31:50 GMT] INFO Code changed, killing 32247, cycling ...
[Thu, 28 Nov 2013 20:31:50 GMT] INFO Creating 1 worker process.
[Thu, 28 Nov 2013 20:31:54 GMT] INFO Server worker running in development on port 4000 with a PID of: 32251
[Thu, 28 Nov 2013 20:32:43 GMT] INFO Code changed, killing 32251, cycling ...
[Thu, 28 Nov 2013 20:32:43 GMT] INFO Creating 1 worker process.
[Thu, 28 Nov 2013 20:32:47 GMT] INFO Server worker running in development on port 4000 with a PID of: 32255
[Thu, 28 Nov 2013 20:33:00 GMT] INFO Code changed, killing 32255, cycling ...
[Thu, 28 Nov 2013 20:33:00 GMT] INFO Creating 1 worker process.
[Thu, 28 Nov 2013 20:33:02 GMT] INFO Server worker running in development on port 4000 with a PID of: 32257
[Thu, 28 Nov 2013 20:33:26 GMT] INFO Code changed, killing 32257, cycling ...
[Thu, 28 Nov 2013 20:33:26 GMT] INFO Creating 1 worker process.
[Thu, 28 Nov 2013 20:33:28 GMT] INFO Server worker running in development on port 4000 with a PID of: 32258
[Thu, 28 Nov 2013 20:33:49 GMT] INFO Code changed, killing 32258, cycling ...
[Thu, 28 Nov 2013 20:33:49 GMT] INFO Creating 1 worker process.
[Thu, 28 Nov 2013 20:33:51 GMT] INFO Server worker running in development on port 4000 with a PID of: 32262
[Thu, 28 Nov 2013 20:34:21 GMT] INFO Code changed, killing 32262, cycling ...
[Thu, 28 Nov 2013 20:34:21 GMT] INFO Creating 1 worker process.
[Thu, 28 Nov 2013 20:34:23 GMT] INFO Server worker running in development on port 4000 with a PID of: 32264
[Thu, 28 Nov 2013 20:35:09 GMT] INFO Code changed, killing 32264, cycling ...
[Thu, 28 Nov 2013 20:35:09 GMT] INFO Creating 1 worker process.
[Thu, 28 Nov 2013 20:35:13 GMT] INFO Server worker running in development on port 4000 with a PID of: 32267
[Thu, 28 Nov 2013 20:35:42 GMT] INFO Code changed, killing 32267, cycling ...
[Thu, 28 Nov 2013 20:35:42 GMT] INFO Creating 1 worker process.
[Thu, 28 Nov 2013 20:35:43 GMT] INFO Server worker running in development on port 4000 with a PID of: 32271
[Thu, 28 Nov 2013 20:35:53 GMT] INFO Code changed, killing 32271, cycling ...
[Thu, 28 Nov 2013 20:35:53 GMT] INFO Creating 1 worker process.
[Thu, 28 Nov 2013 20:35:54 GMT] INFO Server worker running in development on port 4000 with a PID of: 32273
[Thu, 28 Nov 2013 20:36:50 GMT] INFO Code changed, killing 32273, cycling ...
[Thu, 28 Nov 2013 20:36:50 GMT] INFO Creating 1 worker process.
[Thu, 28 Nov 2013 20:36:55 GMT] INFO Server worker running in development on port 4000 with a PID of: 32274
[Thu, 28 Nov 2013 20:37:23 GMT] INFO Code changed, killing 32274, cycling ...
[Thu, 28 Nov 2013 20:37:23 GMT] INFO Creating 1 worker process.
[Thu, 28 Nov 2013 20:37:26 GMT] INFO Server worker running in development on port 4000 with a PID of: 32278
[Thu, 28 Nov 2013 20:37:54 GMT] INFO Code changed, killing 32278, cycling ...
[Thu, 28 Nov 2013 20:37:54 GMT] INFO Creating 1 worker process.
[Thu, 28 Nov 2013 20:37:58 GMT] INFO Server worker running in development on port 4000 with a PID of: 32280
[Thu, 28 Nov 2013 20:37:58 GMT] INFO Code changed, killing 32280, cycling ...
[Thu, 28 Nov 2013 20:37:58 GMT] INFO Creating 1 worker process.
[Thu, 28 Nov 2013 20:37:59 GMT] INFO Server worker running in development on port 4000 with a PID of: 32281
[Thu, 28 Nov 2013 20:38:02 GMT] INFO Code changed, killing 32281, cycling ...
[Thu, 28 Nov 2013 20:38:02 GMT] INFO Creating 1 worker process.
[Thu, 28 Nov 2013 20:38:18 GMT] INFO Creating 1 worker process.
[Thu, 28 Nov 2013 20:38:18 GMT] INFO Server worker running in development on port 4000 with a PID of: 32284
[Thu, 28 Nov 2013 20:38:26 GMT] INFO Code changed, killing 32284, cycling ...
[Thu, 28 Nov 2013 20:38:26 GMT] INFO Creating 1 worker process.
[Thu, 28 Nov 2013 20:38:27 GMT] INFO Server worker running in development on port 4000 with a PID of: 32286
[Thu, 28 Nov 2013 20:38:30 GMT] INFO Code changed, killing 32286, cycling ...
[Thu, 28 Nov 2013 20:38:30 GMT] INFO Creating 1 worker process.
[Thu, 28 Nov 2013 20:38:31 GMT] INFO Server worker running in development on port 4000 with a PID of: 32287
[Thu, 28 Nov 2013 20:38:50 GMT] INFO Code changed, killing 32287, cycling ...
[Thu, 28 Nov 2013 20:38:50 GMT] INFO Creating 1 worker process.
[Thu, 28 Nov 2013 20:38:51 GMT] INFO Server worker running in development on port 4000 with a PID of: 32288
[Thu, 28 Nov 2013 20:40:39 GMT] INFO Code changed, killing 32288, cycling ...
[Thu, 28 Nov 2013 20:40:39 GMT] INFO Creating 1 worker process.
[Thu, 28 Nov 2013 20:40:44 GMT] INFO Server worker running in development on port 4000 with a PID of: 32292
[Thu, 28 Nov 2013 20:41:04 GMT] INFO Code changed, killing 32292, cycling ...
[Thu, 28 Nov 2013 20:41:04 GMT] INFO Creating 1 worker process.
[Thu, 28 Nov 2013 20:41:07 GMT] INFO Server worker running in development on port 4000 with a PID of: 32295
[Thu, 28 Nov 2013 20:41:23 GMT] INFO Creating 1 worker process.
[Thu, 28 Nov 2013 20:41:31 GMT] INFO Creating 1 worker process.
[Thu, 28 Nov 2013 20:41:32 GMT] INFO Server worker running in development on port 4000 with a PID of: 32302
[Thu, 28 Nov 2013 20:41:34 GMT] INFO Code changed, killing 32302, cycling ...
[Thu, 28 Nov 2013 20:41:34 GMT] INFO Creating 1 worker process.
[Thu, 28 Nov 2013 20:41:34 GMT] INFO Server worker running in development on port 4000 with a PID of: 32303
[Thu, 28 Nov 2013 20:42:01 GMT] INFO Code changed, killing 32303, cycling ...
[Thu, 28 Nov 2013 20:42:01 GMT] INFO Creating 1 worker process.
[Thu, 28 Nov 2013 20:42:04 GMT] INFO Code changed, killing 32307, cycling ...
[Thu, 28 Nov 2013 20:42:04 GMT] INFO Creating 1 worker process.
[Thu, 28 Nov 2013 20:42:05 GMT] INFO Server worker running in development on port 4000 with a PID of: 32308
[Thu, 28 Nov 2013 20:42:16 GMT] INFO Code changed, killing 32308, cycling ...
[Thu, 28 Nov 2013 20:42:16 GMT] INFO Creating 1 worker process.
[Thu, 28 Nov 2013 20:42:18 GMT] INFO Server worker running in development on port 4000 with a PID of: 32309
[Thu, 28 Nov 2013 20:42:18 GMT] INFO Code changed, killing 32309, cycling ...
[Thu, 28 Nov 2013 20:42:18 GMT] INFO Creating 1 worker process.
[Thu, 28 Nov 2013 20:42:19 GMT] INFO Server worker running in development on port 4000 with a PID of: 32310
[Thu, 28 Nov 2013 20:42:37 GMT] INFO Code changed, killing 32310, cycling ...
[Thu, 28 Nov 2013 20:42:37 GMT] INFO Creating 1 worker process.
[Thu, 28 Nov 2013 20:42:40 GMT] INFO Code changed, killing 32311, cycling ...
[Thu, 28 Nov 2013 20:42:40 GMT] INFO Creating 1 worker process.
[Thu, 28 Nov 2013 20:42:45 GMT] INFO Creating 1 worker process.
[Thu, 28 Nov 2013 20:42:46 GMT] INFO Server worker running in development on port 4000 with a PID of: 32313
[Thu, 28 Nov 2013 20:42:51 GMT] INFO Code changed, killing 32313, cycling ...
[Thu, 28 Nov 2013 20:42:51 GMT] INFO Creating 1 worker process.
[Thu, 28 Nov 2013 20:42:51 GMT] INFO Server worker running in development on port 4000 with a PID of: 32314
[Thu, 28 Nov 2013 20:42:56 GMT] INFO Code changed, killing 32314, cycling ...
[Thu, 28 Nov 2013 20:42:56 GMT] INFO Creating 1 worker process.
[Thu, 28 Nov 2013 20:42:57 GMT] INFO Server worker running in development on port 4000 with a PID of: 32315
[Thu, 28 Nov 2013 20:43:18 GMT] INFO Code changed, killing 32315, cycling ...
[Thu, 28 Nov 2013 20:43:18 GMT] INFO Creating 1 worker process.
[Thu, 28 Nov 2013 20:43:19 GMT] INFO Server worker running in development on port 4000 with a PID of: 32319
[Thu, 28 Nov 2013 20:43:50 GMT] INFO Creating 1 worker process.
[Thu, 28 Nov 2013 20:43:55 GMT] INFO Server worker running in development on port 4000 with a PID of: 32321
[Thu, 28 Nov 2013 20:44:53 GMT] INFO Creating 1 worker process.
[Thu, 28 Nov 2013 20:44:58 GMT] INFO Creating 1 worker process.
[Thu, 28 Nov 2013 20:45:16 GMT] INFO Creating 1 worker process.
[Thu, 28 Nov 2013 20:45:24 GMT] INFO Creating 1 worker process.
[Thu, 28 Nov 2013 20:45:30 GMT] INFO Creating 1 worker process.
[Thu, 28 Nov 2013 20:45:36 GMT] INFO Creating 1 worker process.
[Thu, 28 Nov 2013 20:45:52 GMT] INFO Creating 1 worker process.
[Thu, 28 Nov 2013 20:45:54 GMT] INFO Server worker running in development on port 4000 with a PID of: 32337
[Thu, 28 Nov 2013 20:46:24 GMT] INFO Code changed, killing 32337, cycling ...
[Thu, 28 Nov 2013 20:46:24 GMT] INFO Creating 1 worker process.
[Thu, 28 Nov 2013 20:46:25 GMT] INFO Server worker running in development on port 4000 with a PID of: 32341
[Thu, 28 Nov 2013 20:47:30 GMT] INFO Code changed, killing 32341, cycling ...
[Thu, 28 Nov 2013 20:47:30 GMT] INFO Creating 1 worker process.
[Thu, 28 Nov 2013 20:47:33 GMT] INFO Server worker running in development on port 4000 with a PID of: 32343
[Thu, 28 Nov 2013 20:48:09 GMT] INFO Code changed, killing 32343, cycling ...
[Thu, 28 Nov 2013 20:48:09 GMT] INFO Creating 1 worker process.
[Thu, 28 Nov 2013 20:48:09 GMT] INFO Server worker running in development on port 4000 with a PID of: 32344
[Thu, 28 Nov 2013 20:49:06 GMT] INFO Code changed, killing 32344, cycling ...
[Thu, 28 Nov 2013 20:49:06 GMT] INFO Creating 1 worker process.
[Thu, 28 Nov 2013 20:49:10 GMT] INFO Server worker running in development on port 4000 with a PID of: 32347
[Thu, 28 Nov 2013 20:49:28 GMT] INFO Code changed, killing 32347, cycling ...
[Thu, 28 Nov 2013 20:49:28 GMT] INFO Creating 1 worker process.
[Thu, 28 Nov 2013 20:49:29 GMT] INFO Server worker running in development on port 4000 with a PID of: 32348
[Thu, 28 Nov 2013 20:49:31 GMT] INFO Code changed, killing 32348, cycling ...
[Thu, 28 Nov 2013 20:49:31 GMT] INFO Creating 1 worker process.
[Thu, 28 Nov 2013 20:49:32 GMT] INFO Server worker running in development on port 4000 with a PID of: 32349
[Thu, 28 Nov 2013 20:49:33 GMT] INFO Code changed, killing 32349, cycling ...
[Thu, 28 Nov 2013 20:49:33 GMT] INFO Creating 1 worker process.
[Thu, 28 Nov 2013 20:49:34 GMT] INFO Server worker running in development on port 4000 with a PID of: 32350
[Thu, 28 Nov 2013 20:50:09 GMT] INFO Code changed, killing 32350, cycling ...
[Thu, 28 Nov 2013 20:50:09 GMT] INFO Creating 1 worker process.
[Thu, 28 Nov 2013 20:50:13 GMT] INFO Server worker running in development on port 4000 with a PID of: 32354
[Thu, 28 Nov 2013 20:51:14 GMT] INFO Code changed, killing 32354, cycling ...
[Thu, 28 Nov 2013 20:51:14 GMT] INFO Creating 1 worker process.
[Thu, 28 Nov 2013 20:51:20 GMT] INFO Code changed, killing 32356, cycling ...
[Thu, 28 Nov 2013 20:51:20 GMT] INFO Creating 1 worker process.
[Thu, 28 Nov 2013 20:51:23 GMT] INFO Server worker running in development on port 4000 with a PID of: 32357
[Thu, 28 Nov 2013 21:29:07 GMT] INFO Code changed, killing 32357, cycling ...
[Thu, 28 Nov 2013 21:29:07 GMT] INFO Creating 1 worker process.
[Thu, 28 Nov 2013 21:29:13 GMT] INFO Server worker running in development on port 4000 with a PID of: 32426
[Thu, 28 Nov 2013 21:30:31 GMT] INFO Code changed, killing 32426, cycling ...
[Thu, 28 Nov 2013 21:30:31 GMT] INFO Creating 1 worker process.
[Thu, 28 Nov 2013 21:30:35 GMT] INFO Server worker running in development on port 4000 with a PID of: 32432
[Thu, 28 Nov 2013 21:31:40 GMT] INFO Code changed, killing 32432, cycling ...
[Thu, 28 Nov 2013 21:31:40 GMT] INFO Creating 1 worker process.
[Thu, 28 Nov 2013 21:31:43 GMT] INFO Server worker running in development on port 4000 with a PID of: 32433
[Thu, 28 Nov 2013 21:41:33 GMT] INFO Code changed, killing 32433, cycling ...
[Thu, 28 Nov 2013 21:41:33 GMT] INFO Creating 1 worker process.
[Thu, 28 Nov 2013 21:41:40 GMT] INFO Server worker running in development on port 4000 with a PID of: 32457
[Thu, 28 Nov 2013 21:42:57 GMT] INFO Code changed, killing 32457, cycling ...
[Thu, 28 Nov 2013 21:42:57 GMT] INFO Creating 1 worker process.
[Thu, 28 Nov 2013 21:43:01 GMT] INFO Server worker running in development on port 4000 with a PID of: 32458
[Thu, 28 Nov 2013 21:43:43 GMT] INFO Code changed, killing 32458, cycling ...
[Thu, 28 Nov 2013 21:43:43 GMT] INFO Creating 1 worker process.
[Thu, 28 Nov 2013 23:48:53 GMT] INFO Creating 1 worker process.
[Thu, 28 Nov 2013 23:48:59 GMT] INFO Server worker running in development on port 4000 with a PID of: 32837
[Thu, 28 Nov 2013 23:49:54 GMT] INFO Code changed, killing 32837, cycling ...
[Thu, 28 Nov 2013 23:49:54 GMT] INFO Creating 1 worker process.
[Thu, 28 Nov 2013 23:49:55 GMT] INFO Server worker running in development on port 4000 with a PID of: 32838
[Thu, 28 Nov 2013 23:50:33 GMT] INFO Code changed, killing 32838, cycling ...
[Thu, 28 Nov 2013 23:50:33 GMT] INFO Creating 1 worker process.
[Thu, 28 Nov 2013 23:50:36 GMT] INFO Server worker running in development on port 4000 with a PID of: 32841
[Thu, 28 Nov 2013 23:51:12 GMT] INFO Code changed, killing 32841, cycling ...
[Thu, 28 Nov 2013 23:51:12 GMT] INFO Creating 1 worker process.
[Thu, 28 Nov 2013 23:51:18 GMT] INFO Server worker running in development on port 4000 with a PID of: 32844
[Thu, 28 Nov 2013 23:51:20 GMT] INFO Code changed, killing 32844, cycling ...
[Thu, 28 Nov 2013 23:51:20 GMT] INFO Creating 1 worker process.
[Thu, 28 Nov 2013 23:51:22 GMT] INFO Server worker running in development on port 4000 with a PID of: 32845
[Thu, 28 Nov 2013 23:51:32 GMT] INFO Code changed, killing 32845, cycling ...
[Thu, 28 Nov 2013 23:51:32 GMT] INFO Creating 1 worker process.
[Thu, 28 Nov 2013 23:51:33 GMT] INFO Server worker running in development on port 4000 with a PID of: 32846
[Thu, 28 Nov 2013 23:52:03 GMT] INFO Code changed, killing 32846, cycling ...
[Thu, 28 Nov 2013 23:52:03 GMT] INFO Creating 1 worker process.
[Thu, 28 Nov 2013 23:52:09 GMT] INFO Creating 1 worker process.
[Thu, 28 Nov 2013 23:52:11 GMT] INFO Server worker running in development on port 4000 with a PID of: 32849
[Thu, 28 Nov 2013 23:52:41 GMT] INFO Code changed, killing 32849, cycling ...
[Thu, 28 Nov 2013 23:52:41 GMT] INFO Creating 1 worker process.
[Thu, 28 Nov 2013 23:52:43 GMT] INFO Server worker running in development on port 4000 with a PID of: 32850
[Thu, 28 Nov 2013 23:52:51 GMT] INFO Code changed, killing 32850, cycling ...
[Thu, 28 Nov 2013 23:52:51 GMT] INFO Creating 1 worker process.
[Thu, 28 Nov 2013 23:52:52 GMT] INFO Server worker running in development on port 4000 with a PID of: 32851
[Thu, 28 Nov 2013 23:52:58 GMT] INFO Code changed, killing 32851, cycling ...
[Thu, 28 Nov 2013 23:52:58 GMT] INFO Creating 1 worker process.
[Thu, 28 Nov 2013 23:52:59 GMT] INFO Server worker running in development on port 4000 with a PID of: 32853
[Thu, 28 Nov 2013 23:53:03 GMT] INFO Code changed, killing 32853, cycling ...
[Thu, 28 Nov 2013 23:53:03 GMT] INFO Creating 1 worker process.
[Thu, 28 Nov 2013 23:53:03 GMT] INFO Server worker running in development on port 4000 with a PID of: 32854
[Thu, 28 Nov 2013 23:54:15 GMT] INFO Code changed, killing 32854, cycling ...
[Thu, 28 Nov 2013 23:54:15 GMT] INFO Creating 1 worker process.
[Thu, 28 Nov 2013 23:54:20 GMT] INFO Server worker running in development on port 4000 with a PID of: 32864
[Thu, 28 Nov 2013 23:54:24 GMT] INFO Code changed, killing 32864, cycling ...
[Thu, 28 Nov 2013 23:54:24 GMT] INFO Creating 1 worker process.
[Thu, 28 Nov 2013 23:54:25 GMT] INFO Server worker running in development on port 4000 with a PID of: 32865
[Thu, 28 Nov 2013 23:54:36 GMT] INFO Code changed, killing 32865, cycling ...
[Thu, 28 Nov 2013 23:54:36 GMT] INFO Creating 1 worker process.
[Thu, 28 Nov 2013 23:54:37 GMT] INFO Server worker running in development on port 4000 with a PID of: 32866
[Thu, 28 Nov 2013 23:54:46 GMT] INFO Code changed, killing 32866, cycling ...
[Thu, 28 Nov 2013 23:54:46 GMT] INFO Creating 1 worker process.
[Thu, 28 Nov 2013 23:54:47 GMT] INFO Server worker running in development on port 4000 with a PID of: 32869
[Thu, 28 Nov 2013 23:55:55 GMT] INFO Code changed, killing 32869, cycling ...
[Thu, 28 Nov 2013 23:55:55 GMT] INFO Creating 1 worker process.
[Thu, 28 Nov 2013 23:56:00 GMT] INFO Server worker running in development on port 4000 with a PID of: 32879
[Thu, 28 Nov 2013 23:56:05 GMT] INFO Code changed, killing 32879, cycling ...
[Thu, 28 Nov 2013 23:56:05 GMT] INFO Creating 1 worker process.
[Thu, 28 Nov 2013 23:56:07 GMT] INFO Server worker running in development on port 4000 with a PID of: 32880
[Thu, 28 Nov 2013 23:56:11 GMT] INFO Code changed, killing 32880, cycling ...
[Thu, 28 Nov 2013 23:56:11 GMT] INFO Creating 1 worker process.
[Thu, 28 Nov 2013 23:56:12 GMT] INFO Server worker running in development on port 4000 with a PID of: 32881
[Thu, 28 Nov 2013 23:56:21 GMT] INFO Code changed, killing 32881, cycling ...
[Thu, 28 Nov 2013 23:56:21 GMT] INFO Creating 1 worker process.
[Thu, 28 Nov 2013 23:56:22 GMT] INFO Server worker running in development on port 4000 with a PID of: 32882
[Thu, 28 Nov 2013 23:56:41 GMT] INFO Code changed, killing 32882, cycling ...
[Thu, 28 Nov 2013 23:56:41 GMT] INFO Creating 1 worker process.
[Thu, 28 Nov 2013 23:56:43 GMT] INFO Creating 1 worker process.
[Thu, 28 Nov 2013 23:56:58 GMT] INFO Creating 1 worker process.
[Thu, 28 Nov 2013 23:57:08 GMT] INFO Creating 1 worker process.
[Thu, 28 Nov 2013 23:57:20 GMT] INFO Creating 1 worker process.
[Thu, 28 Nov 2013 23:57:23 GMT] INFO Code changed, killing 32890, cycling ...
[Thu, 28 Nov 2013 23:57:23 GMT] INFO Creating 1 worker process.
[Thu, 28 Nov 2013 23:57:24 GMT] INFO Server worker running in development on port 4000 with a PID of: 32891
[Thu, 28 Nov 2013 23:57:25 GMT] INFO Code changed, killing 32891, cycling ...
[Thu, 28 Nov 2013 23:57:25 GMT] INFO Creating 1 worker process.
[Thu, 28 Nov 2013 23:57:26 GMT] INFO Server worker running in development on port 4000 with a PID of: 32892
[Thu, 28 Nov 2013 23:57:28 GMT] INFO Code changed, killing 32892, cycling ...
[Thu, 28 Nov 2013 23:57:28 GMT] INFO Creating 1 worker process.
[Thu, 28 Nov 2013 23:57:28 GMT] INFO Server worker running in development on port 4000 with a PID of: 32893
[Thu, 28 Nov 2013 23:57:44 GMT] INFO Code changed, killing 32893, cycling ...
[Thu, 28 Nov 2013 23:57:44 GMT] INFO Creating 1 worker process.
[Thu, 28 Nov 2013 23:57:44 GMT] INFO Server worker running in development on port 4000 with a PID of: 32894
[Thu, 28 Nov 2013 23:58:03 GMT] INFO Code changed, killing 32894, cycling ...
[Thu, 28 Nov 2013 23:58:03 GMT] INFO Creating 1 worker process.
[Thu, 28 Nov 2013 23:58:06 GMT] INFO Code changed, killing 32899, cycling ...
[Thu, 28 Nov 2013 23:58:06 GMT] INFO Creating 1 worker process.
[Thu, 28 Nov 2013 23:58:08 GMT] INFO Server worker running in development on port 4000 with a PID of: 32900
[Thu, 28 Nov 2013 23:58:26 GMT] INFO Code changed, killing 32900, cycling ...
[Thu, 28 Nov 2013 23:58:26 GMT] INFO Creating 1 worker process.
[Thu, 28 Nov 2013 23:58:29 GMT] INFO Server worker running in development on port 4000 with a PID of: 32904
[Thu, 28 Nov 2013 23:58:45 GMT] INFO Code changed, killing 32904, cycling ...
[Thu, 28 Nov 2013 23:58:45 GMT] INFO Creating 1 worker process.
[Thu, 28 Nov 2013 23:58:47 GMT] INFO Server worker running in development on port 4000 with a PID of: 32905
[Thu, 28 Nov 2013 23:59:02 GMT] INFO Code changed, killing 32905, cycling ...
[Thu, 28 Nov 2013 23:59:02 GMT] INFO Creating 1 worker process.
[Thu, 28 Nov 2013 23:59:03 GMT] INFO Server worker running in development on port 4000 with a PID of: 32907
[Fri, 29 Nov 2013 00:00:45 GMT] INFO Code changed, killing 32907, cycling ...
[Fri, 29 Nov 2013 00:00:45 GMT] INFO Creating 1 worker process.
[Fri, 29 Nov 2013 00:03:58 GMT] INFO Creating 1 worker process.
[Fri, 29 Nov 2013 00:04:03 GMT] INFO Creating 1 worker process.
[Fri, 29 Nov 2013 00:04:21 GMT] INFO Creating 1 worker process.
[Fri, 29 Nov 2013 00:04:27 GMT] INFO Creating 1 worker process.
[Fri, 29 Nov 2013 00:04:32 GMT] INFO Creating 1 worker process.
[Fri, 29 Nov 2013 00:04:41 GMT] INFO Creating 1 worker process.
[Fri, 29 Nov 2013 00:04:48 GMT] INFO Creating 1 worker process.
[Fri, 29 Nov 2013 00:05:00 GMT] INFO Creating 1 worker process.
[Fri, 29 Nov 2013 00:05:10 GMT] INFO Creating 1 worker process.
[Fri, 29 Nov 2013 00:05:13 GMT] INFO Creating 1 worker process.
[Fri, 29 Nov 2013 00:05:15 GMT] INFO Creating 1 worker process.
[Fri, 29 Nov 2013 00:05:42 GMT] INFO Creating 1 worker process.
[Fri, 29 Nov 2013 00:06:23 GMT] INFO Creating 1 worker process.
[Fri, 29 Nov 2013 00:07:04 GMT] INFO Creating 1 worker process.
[Fri, 29 Nov 2013 00:07:22 GMT] INFO Creating 1 worker process.
[Fri, 29 Nov 2013 00:07:33 GMT] INFO Creating 1 worker process.
[Fri, 29 Nov 2013 00:07:39 GMT] INFO Creating 1 worker process.
[Fri, 29 Nov 2013 00:07:45 GMT] INFO Creating 1 worker process.
[Fri, 29 Nov 2013 00:08:11 GMT] INFO Creating 1 worker process.
[Fri, 29 Nov 2013 00:08:16 GMT] INFO Creating 1 worker process.
[Fri, 29 Nov 2013 00:08:35 GMT] INFO Creating 1 worker process.
[Fri, 29 Nov 2013 00:08:36 GMT] INFO Creating 1 worker process.
[Fri, 29 Nov 2013 00:09:03 GMT] INFO Creating 1 worker process.
[Fri, 29 Nov 2013 00:11:10 GMT] INFO Creating 1 worker process.
[Fri, 29 Nov 2013 00:13:20 GMT] INFO Creating 1 worker process.
[Fri, 29 Nov 2013 00:13:21 GMT] INFO Creating 1 worker process.
[Fri, 29 Nov 2013 00:16:00 GMT] INFO Creating 1 worker process.
[Fri, 29 Nov 2013 00:16:22 GMT] INFO Creating 1 worker process.
[Fri, 29 Nov 2013 00:16:26 GMT] INFO Creating 1 worker process.
[Fri, 29 Nov 2013 00:17:16 GMT] INFO Creating 1 worker process.
[Fri, 29 Nov 2013 00:17:23 GMT] INFO Creating 1 worker process.
[Fri, 29 Nov 2013 00:17:26 GMT] INFO Creating 1 worker process.
[Fri, 29 Nov 2013 00:17:29 GMT] INFO Creating 1 worker process.
[Fri, 29 Nov 2013 00:17:47 GMT] INFO Creating 1 worker process.
[Fri, 29 Nov 2013 00:19:06 GMT] INFO Creating 1 worker process.
[Fri, 29 Nov 2013 00:19:17 GMT] INFO Creating 1 worker process.
[Fri, 29 Nov 2013 00:19:41 GMT] INFO Creating 1 worker process.
[Fri, 29 Nov 2013 00:19:47 GMT] INFO Creating 1 worker process.
[Fri, 29 Nov 2013 00:19:52 GMT] INFO Creating 1 worker process.
[Fri, 29 Nov 2013 00:19:57 GMT] INFO Creating 1 worker process.
[Fri, 29 Nov 2013 00:20:23 GMT] INFO Creating 1 worker process.
[Fri, 29 Nov 2013 00:21:11 GMT] INFO Creating 1 worker process.
[Fri, 29 Nov 2013 00:21:16 GMT] INFO Creating 1 worker process.
[Fri, 29 Nov 2013 00:21:31 GMT] INFO Creating 1 worker process.
[Fri, 29 Nov 2013 00:21:33 GMT] INFO Creating 1 worker process.
[Fri, 29 Nov 2013 00:21:41 GMT] INFO Creating 1 worker process.
[Fri, 29 Nov 2013 00:27:03 GMT] INFO Creating 1 worker process.
[Fri, 29 Nov 2013 00:27:15 GMT] INFO Creating 1 worker process.
[Fri, 29 Nov 2013 00:27:33 GMT] INFO Creating 1 worker process.
[Fri, 29 Nov 2013 00:28:53 GMT] INFO Creating 1 worker process.
[Fri, 29 Nov 2013 00:29:54 GMT] INFO Creating 1 worker process.
[Fri, 29 Nov 2013 00:30:08 GMT] INFO Creating 1 worker process.
[Fri, 29 Nov 2013 00:30:33 GMT] INFO Creating 1 worker process.
[Fri, 29 Nov 2013 00:31:24 GMT] INFO Creating 1 worker process.
[Fri, 29 Nov 2013 00:31:30 GMT] INFO Creating 1 worker process.
[Fri, 29 Nov 2013 00:31:39 GMT] INFO Creating 1 worker process.
[Fri, 29 Nov 2013 00:31:52 GMT] INFO Creating 1 worker process.
[Fri, 29 Nov 2013 00:31:52 GMT] INFO Creating 1 worker process.
[Fri, 29 Nov 2013 00:31:55 GMT] INFO Creating 1 worker process.
[Fri, 29 Nov 2013 00:33:11 GMT] INFO Creating 1 worker process.
[Fri, 29 Nov 2013 00:33:21 GMT] INFO Creating 1 worker process.
[Fri, 29 Nov 2013 00:33:40 GMT] INFO Creating 1 worker process.
[Fri, 29 Nov 2013 00:33:55 GMT] INFO Creating 1 worker process.
[Fri, 29 Nov 2013 00:33:57 GMT] INFO Creating 1 worker process.
[Fri, 29 Nov 2013 00:34:01 GMT] INFO Creating 1 worker process.
[Fri, 29 Nov 2013 00:34:08 GMT] INFO Creating 1 worker process.
[Fri, 29 Nov 2013 00:34:53 GMT] INFO Creating 1 worker process.
[Fri, 29 Nov 2013 00:34:55 GMT] INFO Creating 1 worker process.
[Fri, 29 Nov 2013 00:34:56 GMT] INFO Creating 1 worker process.
[Fri, 29 Nov 2013 00:35:19 GMT] INFO Creating 1 worker process.
[Fri, 29 Nov 2013 00:35:21 GMT] INFO Creating 1 worker process.
[Fri, 29 Nov 2013 00:35:23 GMT] INFO Creating 1 worker process.
[Fri, 29 Nov 2013 00:35:25 GMT] INFO Creating 1 worker process.
[Fri, 29 Nov 2013 00:35:31 GMT] INFO Creating 1 worker process.
[Fri, 29 Nov 2013 00:35:35 GMT] INFO Creating 1 worker process.
[Fri, 29 Nov 2013 00:35:37 GMT] INFO Creating 1 worker process.
[Fri, 29 Nov 2013 00:35:43 GMT] INFO Creating 1 worker process.
[Fri, 29 Nov 2013 00:35:52 GMT] INFO Creating 1 worker process.
[Fri, 29 Nov 2013 00:35:56 GMT] INFO Creating 1 worker process.
[Fri, 29 Nov 2013 00:36:06 GMT] INFO Creating 1 worker process.
[Fri, 29 Nov 2013 00:36:11 GMT] INFO Creating 1 worker process.
[Fri, 29 Nov 2013 00:36:11 GMT] INFO Creating 1 worker process.
[Fri, 29 Nov 2013 00:38:05 GMT] INFO Creating 1 worker process.
[Fri, 29 Nov 2013 00:38:37 GMT] INFO Creating 1 worker process.
[Fri, 29 Nov 2013 00:38:42 GMT] INFO Creating 1 worker process.
[Fri, 29 Nov 2013 00:38:46 GMT] INFO Creating 1 worker process.
[Fri, 29 Nov 2013 00:39:04 GMT] INFO Creating 1 worker process.
[Fri, 29 Nov 2013 00:39:14 GMT] INFO Creating 1 worker process.
[Fri, 29 Nov 2013 00:39:33 GMT] INFO Creating 1 worker process.
[Fri, 29 Nov 2013 00:39:43 GMT] INFO Creating 1 worker process.
[Fri, 29 Nov 2013 00:39:59 GMT] INFO Creating 1 worker process.
[Fri, 29 Nov 2013 00:40:13 GMT] INFO Creating 1 worker process.
[Fri, 29 Nov 2013 00:40:20 GMT] INFO Creating 1 worker process.
[Fri, 29 Nov 2013 00:40:27 GMT] INFO Creating 1 worker process.
[Fri, 29 Nov 2013 00:40:30 GMT] INFO Creating 1 worker process.
[Fri, 29 Nov 2013 00:40:48 GMT] INFO Creating 1 worker process.
[Fri, 29 Nov 2013 00:41:23 GMT] INFO Creating 1 worker process.
[Fri, 29 Nov 2013 00:41:30 GMT] INFO Creating 1 worker process.
[Fri, 29 Nov 2013 00:41:56 GMT] INFO Creating 1 worker process.
[Fri, 29 Nov 2013 00:42:06 GMT] INFO Creating 1 worker process.
[Fri, 29 Nov 2013 00:42:13 GMT] INFO Creating 1 worker process.
[Fri, 29 Nov 2013 00:42:27 GMT] INFO Creating 1 worker process.
[Fri, 29 Nov 2013 00:42:34 GMT] INFO Creating 1 worker process.
[Fri, 29 Nov 2013 00:42:39 GMT] INFO Creating 1 worker process.
[Fri, 29 Nov 2013 00:42:53 GMT] INFO Creating 1 worker process.
[Fri, 29 Nov 2013 00:42:58 GMT] INFO Creating 1 worker process.
[Fri, 29 Nov 2013 00:44:13 GMT] INFO Creating 1 worker process.
[Fri, 29 Nov 2013 00:46:12 GMT] INFO Creating 1 worker process.
[Fri, 29 Nov 2013 00:46:16 GMT] INFO Creating 1 worker process.
[Fri, 29 Nov 2013 00:46:46 GMT] INFO Creating 1 worker process.
[Fri, 29 Nov 2013 00:47:08 GMT] INFO Creating 1 worker process.
[Fri, 29 Nov 2013 00:48:17 GMT] INFO Creating 1 worker process.
[Fri, 29 Nov 2013 00:49:09 GMT] INFO Creating 1 worker process.
[Fri, 29 Nov 2013 00:49:15 GMT] INFO Creating 1 worker process.
[Fri, 29 Nov 2013 00:49:17 GMT] INFO Creating 1 worker process.
[Fri, 29 Nov 2013 00:49:32 GMT] INFO Creating 1 worker process.
[Fri, 29 Nov 2013 00:49:46 GMT] INFO Creating 1 worker process.
[Fri, 29 Nov 2013 00:49:52 GMT] INFO Creating 1 worker process.
[Fri, 29 Nov 2013 00:50:03 GMT] INFO Creating 1 worker process.
[Fri, 29 Nov 2013 00:50:20 GMT] INFO Creating 1 worker process.
[Fri, 29 Nov 2013 00:50:37 GMT] INFO Creating 1 worker process.
[Fri, 29 Nov 2013 00:50:40 GMT] INFO Creating 1 worker process.
[Fri, 29 Nov 2013 00:50:55 GMT] INFO Creating 1 worker process.
[Fri, 29 Nov 2013 00:51:02 GMT] INFO Creating 1 worker process.
[Fri, 29 Nov 2013 00:51:13 GMT] INFO Creating 1 worker process.
[Fri, 29 Nov 2013 00:51:36 GMT] INFO Creating 1 worker process.
[Fri, 29 Nov 2013 00:51:52 GMT] INFO Creating 1 worker process.
[Fri, 29 Nov 2013 00:51:54 GMT] INFO Creating 1 worker process.
[Fri, 29 Nov 2013 01:27:23 GMT] INFO Creating 1 worker process.
[Fri, 29 Nov 2013 01:27:33 GMT] INFO Creating 1 worker process.
[Fri, 29 Nov 2013 01:27:38 GMT] INFO Creating 1 worker process.
[Fri, 29 Nov 2013 01:27:47 GMT] INFO Creating 1 worker process.
[Fri, 29 Nov 2013 01:27:51 GMT] INFO Creating 1 worker process.
[Fri, 29 Nov 2013 01:27:56 GMT] INFO Creating 1 worker process.
[Fri, 29 Nov 2013 01:28:02 GMT] INFO Creating 1 worker process.
[Fri, 29 Nov 2013 01:28:06 GMT] INFO Creating 1 worker process.
[Fri, 29 Nov 2013 01:28:13 GMT] INFO Creating 1 worker process.
[Fri, 29 Nov 2013 01:28:24 GMT] INFO Creating 1 worker process.
[Fri, 29 Nov 2013 01:28:26 GMT] INFO Creating 1 worker process.
[Fri, 29 Nov 2013 01:28:32 GMT] INFO Creating 1 worker process.
[Fri, 29 Nov 2013 01:29:17 GMT] INFO Creating 1 worker process.
[Fri, 29 Nov 2013 01:29:22 GMT] INFO Creating 1 worker process.
[Fri, 29 Nov 2013 01:29:31 GMT] INFO Creating 1 worker process.
[Fri, 29 Nov 2013 01:29:59 GMT] INFO Creating 1 worker process.
[Fri, 29 Nov 2013 01:30:04 GMT] INFO Creating 1 worker process.
[Fri, 29 Nov 2013 01:30:08 GMT] INFO Server worker running in development on port 4000 with a PID of: 33198
[Fri, 29 Nov 2013 01:30:16 GMT] INFO Code changed, killing 33198, cycling ...
[Fri, 29 Nov 2013 01:30:16 GMT] INFO Creating 1 worker process.
[Fri, 29 Nov 2013 01:30:16 GMT] INFO Server worker running in development on port 4000 with a PID of: 33200
[Fri, 29 Nov 2013 01:31:00 GMT] INFO Creating 1 worker process.
[Fri, 29 Nov 2013 01:31:17 GMT] INFO Creating 1 worker process.
[Fri, 29 Nov 2013 01:31:33 GMT] INFO Creating 1 worker process.
[Fri, 29 Nov 2013 01:31:37 GMT] INFO Creating 1 worker process.
[Fri, 29 Nov 2013 01:31:38 GMT] INFO Server worker running in development on port 4000 with a PID of: 33208
[Fri, 29 Nov 2013 01:35:28 GMT] INFO Creating 1 worker process.
[Fri, 29 Nov 2013 01:35:33 GMT] INFO Server worker running in development on port 4000 with a PID of: 33218
[Fri, 29 Nov 2013 01:36:00 GMT] INFO Creating 1 worker process.
[Fri, 29 Nov 2013 01:36:04 GMT] INFO Server worker running in development on port 4000 with a PID of: 33223
[Fri, 29 Nov 2013 01:36:14 GMT] INFO Creating 1 worker process.
[Fri, 29 Nov 2013 01:36:25 GMT] INFO Creating 1 worker process.
[Fri, 29 Nov 2013 01:36:31 GMT] INFO Creating 1 worker process.
[Fri, 29 Nov 2013 01:36:32 GMT] INFO Server worker running in development on port 4000 with a PID of: 33227
[Fri, 29 Nov 2013 01:37:18 GMT] INFO Creating 1 worker process.
[Fri, 29 Nov 2013 01:37:21 GMT] INFO Server worker running in development on port 4000 with a PID of: 33229
[Fri, 29 Nov 2013 01:38:10 GMT] INFO Creating 1 worker process.
[Fri, 29 Nov 2013 01:38:18 GMT] INFO Creating 1 worker process.
[Fri, 29 Nov 2013 01:38:19 GMT] INFO Server worker running in development on port 4000 with a PID of: 33231
[Fri, 29 Nov 2013 01:38:24 GMT] INFO Code changed, killing 33231, cycling ...
[Fri, 29 Nov 2013 01:38:24 GMT] INFO Creating 1 worker process.
[Fri, 29 Nov 2013 01:38:25 GMT] INFO Server worker running in development on port 4000 with a PID of: 33232
[Fri, 29 Nov 2013 01:40:23 GMT] INFO Creating 1 worker process.
[Fri, 29 Nov 2013 01:40:51 GMT] INFO Creating 1 worker process.
[Fri, 29 Nov 2013 01:40:58 GMT] INFO Creating 1 worker process.
[Fri, 29 Nov 2013 01:41:22 GMT] INFO Creating 1 worker process.
[Fri, 29 Nov 2013 01:41:24 GMT] INFO Server worker running in development on port 4000 with a PID of: 33243
[Fri, 29 Nov 2013 01:41:35 GMT] INFO Code changed, killing 33243, cycling ...
[Fri, 29 Nov 2013 01:41:35 GMT] INFO Creating 1 worker process.
[Fri, 29 Nov 2013 01:41:36 GMT] INFO Server worker running in development on port 4000 with a PID of: 33244
[Fri, 29 Nov 2013 01:42:06 GMT] INFO Code changed, killing 33244, cycling ...
[Fri, 29 Nov 2013 01:42:06 GMT] INFO Creating 1 worker process.
[Fri, 29 Nov 2013 01:42:09 GMT] INFO Server worker running in development on port 4000 with a PID of: 33248
[Fri, 29 Nov 2013 01:42:30 GMT] INFO Code changed, killing 33248, cycling ...
[Fri, 29 Nov 2013 01:42:30 GMT] INFO Creating 1 worker process.
[Fri, 29 Nov 2013 01:42:31 GMT] INFO Server worker running in development on port 4000 with a PID of: 33249
[Fri, 29 Nov 2013 01:42:41 GMT] INFO Creating 1 worker process.
[Fri, 29 Nov 2013 01:42:42 GMT] INFO Server worker running in development on port 4000 with a PID of: 33250
[Fri, 29 Nov 2013 01:43:10 GMT] INFO Creating 1 worker process.
[Fri, 29 Nov 2013 01:43:11 GMT] INFO Server worker running in development on port 4000 with a PID of: 33251
[Fri, 29 Nov 2013 01:43:28 GMT] INFO Creating 1 worker process.
[Fri, 29 Nov 2013 01:43:29 GMT] INFO Server worker running in development on port 4000 with a PID of: 33255
[Fri, 29 Nov 2013 01:44:25 GMT] INFO Creating 1 worker process.
[Fri, 29 Nov 2013 01:44:29 GMT] INFO Server worker running in development on port 4000 with a PID of: 33257
[Fri, 29 Nov 2013 01:44:42 GMT] INFO Creating 1 worker process.
[Fri, 29 Nov 2013 01:44:44 GMT] INFO Code changed, killing 33260, cycling ...
[Fri, 29 Nov 2013 01:44:44 GMT] INFO Creating 1 worker process.
[Fri, 29 Nov 2013 01:44:45 GMT] INFO Server worker running in development on port 4000 with a PID of: 33261
[Fri, 29 Nov 2013 01:44:48 GMT] INFO Code changed, killing 33261, cycling ...
[Fri, 29 Nov 2013 01:44:48 GMT] INFO Creating 1 worker process.
[Fri, 29 Nov 2013 01:44:49 GMT] INFO Server worker running in development on port 4000 with a PID of: 33262
[Fri, 29 Nov 2013 01:45:07 GMT] INFO Creating 1 worker process.
[Fri, 29 Nov 2013 01:45:10 GMT] INFO Server worker running in development on port 4000 with a PID of: 33264
[Fri, 29 Nov 2013 01:45:48 GMT] INFO Creating 1 worker process.
[Fri, 29 Nov 2013 01:45:51 GMT] INFO Server worker running in development on port 4000 with a PID of: 33266
[Fri, 29 Nov 2013 01:46:04 GMT] INFO Creating 1 worker process.
[Fri, 29 Nov 2013 01:46:07 GMT] INFO Server worker running in development on port 4000 with a PID of: 33268
[Fri, 29 Nov 2013 01:47:26 GMT] INFO Code changed, killing 33268, cycling ...
[Fri, 29 Nov 2013 01:47:26 GMT] INFO Creating 1 worker process.
[Fri, 29 Nov 2013 01:47:30 GMT] INFO Server worker running in development on port 4000 with a PID of: 33271
[Fri, 29 Nov 2013 01:47:50 GMT] INFO Creating 1 worker process.
[Fri, 29 Nov 2013 01:47:53 GMT] INFO Server worker running in development on port 4000 with a PID of: 33275
[Fri, 29 Nov 2013 01:48:11 GMT] INFO Creating 1 worker process.
[Fri, 29 Nov 2013 01:48:13 GMT] INFO Server worker running in development on port 4000 with a PID of: 33276
[Fri, 29 Nov 2013 01:48:22 GMT] INFO Creating 1 worker process.
[Fri, 29 Nov 2013 01:48:23 GMT] INFO Server worker running in development on port 4000 with a PID of: 33278
[Fri, 29 Nov 2013 01:48:25 GMT] INFO Code changed, killing 33278, cycling ...
[Fri, 29 Nov 2013 01:48:25 GMT] INFO Creating 1 worker process.
[Fri, 29 Nov 2013 01:48:26 GMT] INFO Server worker running in development on port 4000 with a PID of: 33279
[Fri, 29 Nov 2013 01:48:49 GMT] INFO Creating 1 worker process.
[Fri, 29 Nov 2013 01:48:52 GMT] INFO Server worker running in development on port 4000 with a PID of: 33280
[Fri, 29 Nov 2013 01:49:18 GMT] INFO Code changed, killing 33280, cycling ...
[Fri, 29 Nov 2013 01:49:18 GMT] INFO Creating 1 worker process.
[Fri, 29 Nov 2013 01:49:20 GMT] INFO Server worker running in development on port 4000 with a PID of: 33282
[Fri, 29 Nov 2013 01:56:20 GMT] INFO Code changed, killing 33282, cycling ...
[Fri, 29 Nov 2013 01:56:20 GMT] INFO Creating 1 worker process.
[Fri, 29 Nov 2013 01:56:23 GMT] INFO Code changed, killing 33292, cycling ...
[Fri, 29 Nov 2013 01:56:23 GMT] INFO Creating 1 worker process.
[Fri, 29 Nov 2013 01:56:25 GMT] INFO Server worker running in development on port 4000 with a PID of: 33293
[Fri, 29 Nov 2013 02:05:22 GMT] INFO Code changed, killing 33293, cycling ...
[Fri, 29 Nov 2013 02:05:22 GMT] INFO Creating 1 worker process.
[Fri, 29 Nov 2013 02:05:25 GMT] INFO Code changed, killing 33315, cycling ...
[Fri, 29 Nov 2013 02:05:25 GMT] INFO Creating 1 worker process.
[Fri, 29 Nov 2013 02:05:27 GMT] INFO Server worker running in development on port 4000 with a PID of: 33316
[Fri, 29 Nov 2013 02:05:37 GMT] INFO Code changed, killing 33316, cycling ...
[Fri, 29 Nov 2013 02:05:37 GMT] INFO Creating 1 worker process.
[Fri, 29 Nov 2013 02:05:38 GMT] INFO Server worker running in development on port 4000 with a PID of: 33319
[Fri, 29 Nov 2013 02:05:59 GMT] INFO Code changed, killing 33319, cycling ...
[Fri, 29 Nov 2013 02:05:59 GMT] INFO Creating 1 worker process.
[Fri, 29 Nov 2013 02:06:02 GMT] INFO Server worker running in development on port 4000 with a PID of: 33322
