[Wed, 27 Nov 2013 20:02:54 GMT] INFO Server starting with config: {
  "environment": "development",
  "workers": 1,
  "port": 4000,
  "spdy": null,
  "ssl": null,
  "detailedErrors": true,
  "flash": {
    "defaultClass": "alert",
    "inlineClasses": {
      "success": "alert alert-success",
      "alert": "alert",
      "error": "alert alert-error",
      "info": "alert alert-info"
    },
    "blockClasses": {
      "success": "alert alert-block alert-success",
      "alert": "alert alert-block",
      "error": "alert alert-block alert-error",
      "info": "alert alert-block alert-info"
    }
  },
  "debug": true,
  "rotateWorkers": false,
  "rotationWindow": 7200000,
  "rotationTimeout": 300000,
  "logDir": "/Library/WebServer/Documents/myapps/touch/streads/streads/log",
  "gracefulShutdownTimeout": 30000,
  "heartbeatInterval": 5000,
  "heartbeatWindow": 20000,
  "staticFilePath": "/Library/WebServer/Documents/myapps/touch/streads/streads/public",
  "cacheControl": {
    "expires": {
      "default": 0
    }
  },
  "sessions": {
    "store": "cookie",
    "key": "sid",
    "expiry": 1209600
  },
  "cookieSessionKey": "sdata",
  "i18n": {
    "defaultLocale": "en-us",
    "loadPaths": [
      "/Library/WebServer/Documents/myapps/touch/streads/streads/config/locales"
    ]
  },
  "hostname": null,
  "fullHostname": null,
  "connectCompatibility": false,
  "realtime": true,
  "model": {
    "defaultAdapter": "mongo"
  },
  "db": {
    "mongo": {
      "username": "deepakkghosh",
      "dbname": "streadsdev",
      "prefix": null,
      "password": "deepakkghoshpass",
      "host": "dharma.mongohq.com",
      "port": 10029
    }
  },
  "secret": "QmYdTYxGcguACQtmBjWXOPKc2HJg7DqRf4zXWyQowZoG2fl2IdPhsTE23xXi2ce2BPLPg0JYzZrivO59unv4EbXJUVfjPn1V2NSTmcY6CIU8je5PhDrTFOf6Z0Hkg85g"
}
[Wed, 27 Nov 2013 20:02:54 GMT] INFO Creating 1 worker process.
[Wed, 27 Nov 2013 20:02:55 GMT] INFO Server worker running in development on port 4000 with a PID of: 28505
[Wed, 27 Nov 2013 20:03:38 GMT] INFO Creating 1 worker process.
[Wed, 27 Nov 2013 20:03:42 GMT] INFO Creating 1 worker process.
[Wed, 27 Nov 2013 20:03:45 GMT] INFO Creating 1 worker process.
[Wed, 27 Nov 2013 20:04:01 GMT] INFO Creating 1 worker process.
[Wed, 27 Nov 2013 20:04:45 GMT] INFO Creating 1 worker process.
[Wed, 27 Nov 2013 20:04:46 GMT] INFO Server worker running in development on port 4000 with a PID of: 28511
[Wed, 27 Nov 2013 20:04:49 GMT] INFO Code changed, killing 28511, cycling ...
[Wed, 27 Nov 2013 20:04:49 GMT] INFO Creating 1 worker process.
[Wed, 27 Nov 2013 20:04:49 GMT] INFO Server worker running in development on port 4000 with a PID of: 28512
[Wed, 27 Nov 2013 20:04:50 GMT] INFO Code changed, killing 28512, cycling ...
[Wed, 27 Nov 2013 20:04:50 GMT] INFO Creating 1 worker process.
[Wed, 27 Nov 2013 20:04:51 GMT] INFO Server worker running in development on port 4000 with a PID of: 28513
[Wed, 27 Nov 2013 20:06:23 GMT] INFO Code changed, killing 28513, cycling ...
[Wed, 27 Nov 2013 20:06:23 GMT] INFO Creating 1 worker process.
[Wed, 27 Nov 2013 20:06:26 GMT] INFO Server worker running in development on port 4000 with a PID of: 28518
[Wed, 27 Nov 2013 20:07:25 GMT] INFO Code changed, killing 28518, cycling ...
[Wed, 27 Nov 2013 20:07:25 GMT] INFO Creating 1 worker process.
[Wed, 27 Nov 2013 20:07:28 GMT] INFO Server worker running in development on port 4000 with a PID of: 28523
[Wed, 27 Nov 2013 20:07:43 GMT] INFO Code changed, killing 28523, cycling ...
[Wed, 27 Nov 2013 20:07:43 GMT] INFO Creating 1 worker process.
[Wed, 27 Nov 2013 20:07:45 GMT] INFO Server worker running in development on port 4000 with a PID of: 28524
[Wed, 27 Nov 2013 20:07:56 GMT] INFO Code changed, killing 28524, cycling ...
[Wed, 27 Nov 2013 20:07:56 GMT] INFO Creating 1 worker process.
[Wed, 27 Nov 2013 20:07:59 GMT] INFO Server worker running in development on port 4000 with a PID of: 28525
[Wed, 27 Nov 2013 20:08:01 GMT] INFO Code changed, killing 28525, cycling ...
[Wed, 27 Nov 2013 20:08:01 GMT] INFO Creating 1 worker process.
[Wed, 27 Nov 2013 20:08:02 GMT] INFO Server worker running in development on port 4000 with a PID of: 28526
[Wed, 27 Nov 2013 20:12:00 GMT] INFO Code changed, killing 28526, cycling ...
[Wed, 27 Nov 2013 20:12:00 GMT] INFO Creating 1 worker process.
[Wed, 27 Nov 2013 20:12:02 GMT] INFO Server worker running in development on port 4000 with a PID of: 28529
